2024-04-29 00:15:28,099 [INFO] Activator:176 - 


2024-04-29 00:15:28,113 [INFO] Activator:177 - !SESSION log4j initialized
2024-04-29 00:15:34,715 [ERROR] LogOutputStream:75 - [STDERR_REDIRECT] 
2024-04-29 00:15:34,774 [INFO] LogOutputStream:77 - [STDOUT_REDIRECT] 
2024-04-29 00:15:37,371 [INFO] LogOutputStream:77 - [STDOUT_REDIRECT] 
2024-04-29 00:15:39,035 [ERROR] LogOutputStream:75 - [STDERR_REDIRECT] [Fatal Error] :2:10: DOCTYPE is disallowed when the feature "http://apache.org/xml/features/disallow-doctype-decl" set to true.
2024-04-29 00:15:39,039 [ERROR] LogOutputStream:75 - [STDERR_REDIRECT] 
2024-04-29 00:15:40,464 [INFO] ApplicationProperties:184 - Using Application install path: /Applications/STM32CubeIDE.app/Contents/Eclipse/plugins/com.st.stm32cube.common.mx_6.10.0.202311202037
2024-04-29 00:15:40,478 [INFO] DbMcusXml:78 - Set database path to: /Applications/STM32CubeIDE.app/Contents/Eclipse/plugins/com.st.stm32cube.common.mx_6.10.0.202311202037//db//mcu/
2024-04-29 00:15:40,478 [INFO] ApiDb:274 - Set plugin database path to: /Applications/STM32CubeIDE.app/Contents/Eclipse/plugins/com.st.stm32cube.common.mx_6.10.0.202311202037//db//plugins/boardmanager/
2024-04-29 00:15:40,479 [WARN] ApiDb:259 - Overriding images path with different value:  => /Applications/STM32CubeIDE.app/Contents/Eclipse/plugins/com.st.stm32cube.common.mx_6.10.0.202311202037//db//plugins/mcufinder/images/
2024-04-29 00:15:40,487 [INFO] ApiDb:250 - Set database path to: /Users/bentjh01/.stmcufinder/plugins/mcufinder//mcu/
2024-04-29 00:15:40,488 [INFO] DbMcusAds:125 - Set database path to: /Users/bentjh01/.stmcufinder/plugins/mcufinder//mcu/
2024-04-29 00:15:40,490 [INFO] CrossReferenceDbSqlite:203 - Set database path to: /Users/bentjh01/.stmcufinder/plugins/mcufinder//mcu/cs/
2024-04-29 00:15:40,614 [INFO] RulesReader:64 - Compatibility file has been processed (297 Rules)
2024-04-29 00:15:40,690 [INFO] DbMcusXml:78 - Set database path to: /Applications/STM32CubeIDE.app/Contents/Eclipse/plugins/com.st.stm32cube.common.mx_6.10.0.202311202037//db//mcu/
2024-04-29 00:15:40,690 [INFO] ApiDb:274 - Set plugin database path to: /Applications/STM32CubeIDE.app/Contents/Eclipse/plugins/com.st.stm32cube.common.mx_6.10.0.202311202037//db//plugins/boardmanager/
2024-04-29 00:15:40,690 [INFO] ApiDb:261 - Set plugin images path to: /Applications/STM32CubeIDE.app/Contents/Eclipse/plugins/com.st.stm32cube.common.mx_6.10.0.202311202037//db//plugins/mcufinder/images/
2024-04-29 00:15:40,690 [WARN] DbFile:41 - Overriding database path with different value: /Users/bentjh01/.stmcufinder/plugins/mcufinder/ => /Users/bentjh01/.stmcufinder/plugins/mcufinder
2024-04-29 00:15:40,691 [INFO] ApiDb:250 - Set database path to: /Users/bentjh01/.stmcufinder/plugins/mcufinder//mcu/
2024-04-29 00:15:40,691 [WARN] DbFile:41 - Overriding database path with different value: /Users/bentjh01/.stmcufinder/plugins/mcufinder/ => /Users/bentjh01/.stmcufinder/plugins/mcufinder
2024-04-29 00:15:40,691 [INFO] DbMcusAds:125 - Set database path to: /Users/bentjh01/.stmcufinder/plugins/mcufinder//mcu/
2024-04-29 00:15:40,691 [WARN] DbFile:41 - Overriding database path with different value: /Users/bentjh01/.stmcufinder/plugins/mcufinder/ => /Users/bentjh01/.stmcufinder/plugins/mcufinder
2024-04-29 00:15:40,691 [WARN] DbFile:41 - Overriding database path with different value: /Users/bentjh01/.stmcufinder/plugins/mcufinder/ => /Users/bentjh01/.stmcufinder/plugins/mcufinder
2024-04-29 00:15:40,691 [INFO] CrossReferenceDbSqlite:203 - Set database path to: /Users/bentjh01/.stmcufinder/plugins/mcufinder//mcu/cs/
2024-04-29 00:15:40,768 [INFO] MainPanel:264 - HeapMemory: 268435456
2024-04-29 00:15:40,857 [INFO] DbMcusXml:78 - Set database path to: /Applications/STM32CubeIDE.app/Contents/Eclipse/plugins/com.st.stm32cube.common.mx_6.10.0.202311202037//db//mcu/
2024-04-29 00:15:40,858 [INFO] ApiDb:274 - Set plugin database path to: /Applications/STM32CubeIDE.app/Contents/Eclipse/plugins/com.st.stm32cube.common.mx_6.10.0.202311202037//db//plugins/boardmanager/
2024-04-29 00:15:40,858 [INFO] ApiDb:261 - Set plugin images path to: /Applications/STM32CubeIDE.app/Contents/Eclipse/plugins/com.st.stm32cube.common.mx_6.10.0.202311202037//db//plugins/mcufinder/images/
2024-04-29 00:15:40,858 [WARN] DbFile:41 - Overriding database path with different value: /Users/bentjh01/.stmcufinder/plugins/mcufinder/ => /Users/bentjh01/.stmcufinder/plugins/mcufinder
2024-04-29 00:15:40,859 [INFO] ApiDb:250 - Set database path to: /Users/bentjh01/.stmcufinder/plugins/mcufinder//mcu/
2024-04-29 00:15:40,859 [WARN] DbFile:41 - Overriding database path with different value: /Users/bentjh01/.stmcufinder/plugins/mcufinder/ => /Users/bentjh01/.stmcufinder/plugins/mcufinder
2024-04-29 00:15:40,859 [INFO] DbMcusAds:125 - Set database path to: /Users/bentjh01/.stmcufinder/plugins/mcufinder//mcu/
2024-04-29 00:15:40,859 [WARN] DbFile:41 - Overriding database path with different value: /Users/bentjh01/.stmcufinder/plugins/mcufinder/ => /Users/bentjh01/.stmcufinder/plugins/mcufinder
2024-04-29 00:15:40,859 [WARN] DbFile:41 - Overriding database path with different value: /Users/bentjh01/.stmcufinder/plugins/mcufinder/ => /Users/bentjh01/.stmcufinder/plugins/mcufinder
2024-04-29 00:15:40,859 [INFO] CrossReferenceDbSqlite:203 - Set database path to: /Users/bentjh01/.stmcufinder/plugins/mcufinder//mcu/cs/
2024-04-29 00:15:40,878 [INFO] ApplicationProperties:184 - Using Application install path: /Applications/STM32CubeIDE.app/Contents/Eclipse/plugins/com.st.stm32cube.common.mx_6.10.0.202311202037
2024-04-29 00:15:40,879 [INFO] PluginManage:196 - Search for loadable plugins [exclusion list=, ]
2024-04-29 00:15:40,881 [INFO] PluginManage:310 - Check plugin analytics
2024-04-29 00:15:41,097 [INFO] AnalyticsPlugin:253 - Accepted Software Licenses: 
2024-04-29 00:15:41,097 [INFO] AnalyticsPlugin:255 - Accepted CMSIS Pack Licenses: 
2024-04-29 00:15:41,097 [INFO] AnalyticsPlugin:257 - Accepted Firmware Licenses: FW.F4.1.28.0
2024-04-29 00:15:41,101 [INFO] PluginManage:359 - Loaded plugin analytics (category:tool,tabindex:-1)
2024-04-29 00:15:41,102 [INFO] PluginManage:310 - Check plugin cadmodel
2024-04-29 00:15:41,492 [INFO] CADModel:105 - Init CAD model plugin
2024-04-29 00:15:41,492 [INFO] PluginManage:359 - Loaded plugin cadmodel (category:power,tabindex:5)
2024-04-29 00:15:41,493 [INFO] PluginManage:310 - Check plugin clock
2024-04-29 00:15:41,504 [INFO] PluginManage:359 - Loaded plugin clock (category:base,tabindex:2)
2024-04-29 00:15:41,504 [INFO] PluginManage:310 - Check plugin ddr
2024-04-29 00:15:41,507 [INFO] PluginManage:359 - Loaded plugin ddr (category:tool,tabindex:6)
2024-04-29 00:15:41,508 [INFO] PluginManage:310 - Check plugin filemanager
2024-04-29 00:15:41,670 [INFO] PluginManage:359 - Loaded plugin filemanager (category:base,tabindex:10)
2024-04-29 00:15:41,670 [INFO] PluginManage:310 - Check plugin ipmanager
2024-04-29 00:15:41,679 [INFO] PluginManage:359 - Loaded plugin ipmanager (category:base,tabindex:5)
2024-04-29 00:15:41,679 [INFO] PluginManage:310 - Check plugin lpbam
2024-04-29 00:15:41,688 [INFO] PluginManage:359 - Loaded plugin lpbam (category:base,tabindex:0)
2024-04-29 00:15:41,688 [INFO] PluginManage:310 - Check plugin memorymap
2024-04-29 00:15:41,697 [INFO] PluginManage:359 - Loaded plugin memorymap (category:base,tabindex:4)
2024-04-29 00:15:41,697 [INFO] PluginManage:310 - Check plugin pinoutandconfiguration
2024-04-29 00:15:41,702 [INFO] PluginManage:359 - Loaded plugin pinoutandconfiguration (category:base,tabindex:1)
2024-04-29 00:15:41,703 [INFO] PluginManage:310 - Check plugin pinoutconfig
2024-04-29 00:15:41,791 [WARN] SupportedApi:132 - Cannot load RTOS API schema: s4s-elt-must-match.1: The content of 'definitions' must match (annotation?, (simpleType | complexType)?, (unique | key | keyref)*)). A problem was found starting at: attribute.
2024-04-29 00:15:41,948 [INFO] PluginManage:359 - Loaded plugin pinoutconfig (category:base,tabindex:0)
2024-04-29 00:15:41,948 [INFO] PluginManage:310 - Check plugin power
2024-04-29 00:15:41,962 [INFO] PluginManage:359 - Loaded plugin power (category:power,tabindex:4)
2024-04-29 00:15:41,962 [INFO] PluginManage:310 - Check plugin projectmanager
2024-04-29 00:15:41,997 [INFO] PluginManage:359 - Loaded plugin projectmanager (category:projectmanager,tabindex:3)
2024-04-29 00:15:41,997 [INFO] PluginManage:310 - Check plugin thirdparty
2024-04-29 00:15:42,190 [INFO] PluginManage:359 - Loaded plugin thirdparty (category:base,tabindex:-1)
2024-04-29 00:15:42,190 [INFO] PluginManage:310 - Check plugin tools
2024-04-29 00:15:42,189 [WARN] IntegrityCheckThread:84 - waiting for thirdparty lock release [integrity check]
2024-04-29 00:15:42,191 [INFO] IntegrityCheckThread:86 - entering critical section [integrity check]
2024-04-29 00:15:42,194 [INFO] ThirdPartyUpdaterWithRetryManager:70 - Updater plugin not ready yet. [1/15]
2024-04-29 00:15:42,196 [INFO] PluginManage:359 - Loaded plugin tools (category:base,tabindex:7)
2024-04-29 00:15:42,196 [INFO] PluginManage:310 - Check plugin tutovideos
2024-04-29 00:15:42,397 [INFO] PluginManage:359 - Loaded plugin tutovideos (category:base,tabindex:-1)
2024-04-29 00:15:42,399 [INFO] PluginManage:310 - Check plugin updater
2024-04-29 00:15:42,429 [INFO] PluginManage:359 - Loaded plugin updater (category:base,tabindex:12)
2024-04-29 00:15:42,431 [INFO] PluginManage:310 - Check plugin userauth
2024-04-29 00:15:42,446 [INFO] UserAuth:114 - Init User Auth plugin
2024-04-29 00:15:42,446 [INFO] PluginManage:359 - Loaded plugin userauth (category:base,tabindex:14)
2024-04-29 00:15:42,447 [INFO] PluginManage:283 - PluginManage : Loaded plugins [17]
2024-04-29 00:15:42,758 [INFO] PinOutPanel:1499 - setPackage(No Configuration,No Configuration)
2024-04-29 00:15:42,833 [INFO] CADModel:165 - CPN selected for project level
2024-04-29 00:15:42,833 [INFO] CADModel:114 - Register for checkConnection events
2024-04-29 00:15:42,847 [INFO] IPUIPlugin:80 - create IPUIPlugin
2024-04-29 00:15:42,848 [INFO] PluginManager:220 - loadIPPluginJar : add mdma
2024-04-29 00:15:42,854 [INFO] IPUIPlugin:80 - create IPUIPlugin
2024-04-29 00:15:42,854 [INFO] PluginManager:220 - loadIPPluginJar : add freertos
2024-04-29 00:15:42,858 [INFO] IPUIPlugin:80 - create IPUIPlugin
2024-04-29 00:15:42,858 [INFO] PluginManager:220 - loadIPPluginJar : add gic
2024-04-29 00:15:42,866 [INFO] IPUIPlugin:80 - create IPUIPlugin
2024-04-29 00:15:42,866 [INFO] PluginManager:220 - loadIPPluginJar : add adc
2024-04-29 00:15:42,869 [INFO] IPUIPlugin:80 - create IPUIPlugin
2024-04-29 00:15:42,869 [INFO] PluginManager:220 - loadIPPluginJar : add gtzc
2024-04-29 00:15:42,870 [INFO] IPUIPlugin:80 - create IPUIPlugin
2024-04-29 00:15:42,870 [INFO] PluginManager:220 - loadIPPluginJar : add quadspi
2024-04-29 00:15:42,871 [INFO] IPUIPlugin:80 - create IPUIPlugin
2024-04-29 00:15:42,871 [INFO] PluginManager:220 - loadIPPluginJar : add aes
2024-04-29 00:15:42,874 [INFO] IPUIPlugin:80 - create IPUIPlugin
2024-04-29 00:15:42,874 [INFO] PluginManager:220 - loadIPPluginJar : add pdm2pcm
2024-04-29 00:15:42,876 [INFO] IPUIPlugin:80 - create IPUIPlugin
2024-04-29 00:15:42,876 [INFO] PluginManager:220 - loadIPPluginJar : add hash
2024-04-29 00:15:42,877 [INFO] IPUIPlugin:80 - create IPUIPlugin
2024-04-29 00:15:42,877 [INFO] PluginManager:220 - loadIPPluginJar : add tim
2024-04-29 00:15:42,878 [INFO] IPUIPlugin:80 - create IPUIPlugin
2024-04-29 00:15:42,878 [INFO] PluginManager:220 - loadIPPluginJar : add tsc
2024-04-29 00:15:42,879 [INFO] IPUIPlugin:80 - create IPUIPlugin
2024-04-29 00:15:42,879 [INFO] PluginManager:220 - loadIPPluginJar : add ts
2024-04-29 00:15:42,881 [INFO] IPUIPlugin:80 - create IPUIPlugin
2024-04-29 00:15:42,881 [INFO] PluginManager:220 - loadIPPluginJar : add can
2024-04-29 00:15:42,884 [INFO] IPUIPlugin:80 - create IPUIPlugin
2024-04-29 00:15:42,885 [INFO] PluginManager:220 - loadIPPluginJar : add dma3
2024-04-29 00:15:42,887 [INFO] IPUIPlugin:80 - create IPUIPlugin
2024-04-29 00:15:42,887 [INFO] PluginManager:220 - loadIPPluginJar : add dfsdm
2024-04-29 00:15:42,889 [INFO] IPUIPlugin:80 - create IPUIPlugin
2024-04-29 00:15:42,889 [INFO] PluginManager:220 - loadIPPluginJar : add spi
2024-04-29 00:15:42,890 [INFO] IPUIPlugin:80 - create IPUIPlugin
2024-04-29 00:15:42,890 [INFO] PluginManager:220 - loadIPPluginJar : add gfxmmu
2024-04-29 00:15:42,891 [INFO] IPUIPlugin:80 - create IPUIPlugin
2024-04-29 00:15:42,891 [INFO] PluginManager:220 - loadIPPluginJar : add genericplugin
2024-04-29 00:15:42,892 [INFO] IPUIPlugin:80 - create IPUIPlugin
2024-04-29 00:15:42,892 [INFO] PluginManager:220 - loadIPPluginJar : add cryp
2024-04-29 00:15:42,894 [INFO] IPUIPlugin:80 - create IPUIPlugin
2024-04-29 00:15:42,895 [INFO] PluginManager:220 - loadIPPluginJar : add gpio
2024-04-29 00:15:42,897 [INFO] IPUIPlugin:80 - create IPUIPlugin
2024-04-29 00:15:42,897 [INFO] PluginManager:220 - loadIPPluginJar : add comp
2024-04-29 00:15:42,898 [INFO] IPUIPlugin:80 - create IPUIPlugin
2024-04-29 00:15:42,898 [INFO] PluginManager:220 - loadIPPluginJar : add tracer_emb
2024-04-29 00:15:42,901 [INFO] IPUIPlugin:80 - create IPUIPlugin
2024-04-29 00:15:42,901 [INFO] PluginManager:220 - loadIPPluginJar : add openamp
2024-04-29 00:15:42,906 [INFO] IPUIPlugin:80 - create IPUIPlugin
2024-04-29 00:15:42,906 [INFO] PluginManager:220 - loadIPPluginJar : add stm32_wpan
2024-04-29 00:15:42,910 [INFO] IPUIPlugin:80 - create IPUIPlugin
2024-04-29 00:15:42,913 [INFO] PluginManager:220 - loadIPPluginJar : add plateformsettings
2024-04-29 00:15:42,916 [INFO] IPUIPlugin:80 - create IPUIPlugin
2024-04-29 00:15:42,916 [INFO] PluginManager:220 - loadIPPluginJar : add ipddr
2024-04-29 00:15:42,918 [INFO] IPUIPlugin:80 - create IPUIPlugin
2024-04-29 00:15:42,918 [INFO] PluginManager:220 - loadIPPluginJar : add usart
2024-04-29 00:15:42,919 [INFO] IPUIPlugin:80 - create IPUIPlugin
2024-04-29 00:15:42,919 [INFO] PluginManager:220 - loadIPPluginJar : add ltdc
2024-04-29 00:15:42,921 [INFO] IPUIPlugin:80 - create IPUIPlugin
2024-04-29 00:15:42,921 [INFO] PluginManager:220 - loadIPPluginJar : add nvic
2024-04-29 00:15:42,922 [INFO] IPUIPlugin:80 - create IPUIPlugin
2024-04-29 00:15:42,922 [INFO] PluginManager:220 - loadIPPluginJar : add fatfs
2024-04-29 00:15:42,928 [INFO] IPUIPlugin:80 - create IPUIPlugin
2024-04-29 00:15:42,928 [INFO] PluginManager:220 - loadIPPluginJar : add linkedlist
2024-04-29 00:15:42,933 [INFO] IPUIPlugin:80 - create IPUIPlugin
2024-04-29 00:15:42,933 [INFO] PluginManager:220 - loadIPPluginJar : add dma
2024-04-29 00:15:42,936 [INFO] IPUIPlugin:80 - create IPUIPlugin
2024-04-29 00:15:42,937 [INFO] PluginManager:220 - loadIPPluginJar : add fmc
2024-04-29 00:15:42,939 [INFO] IPUIPlugin:80 - create IPUIPlugin
2024-04-29 00:15:42,939 [INFO] PluginManager:220 - loadIPPluginJar : add i2s
2024-04-29 00:15:42,940 [INFO] IPUIPlugin:80 - create IPUIPlugin
2024-04-29 00:15:42,940 [INFO] PluginManager:220 - loadIPPluginJar : add ucpd
2024-04-29 00:15:42,942 [INFO] IPUIPlugin:80 - create IPUIPlugin
2024-04-29 00:15:42,942 [INFO] PluginManager:220 - loadIPPluginJar : add lorawan
2024-04-29 00:15:42,945 [INFO] IPUIPlugin:80 - create IPUIPlugin
2024-04-29 00:15:42,945 [INFO] PluginManager:220 - loadIPPluginJar : add opamp
2024-04-29 00:15:42,947 [INFO] IPUIPlugin:80 - create IPUIPlugin
2024-04-29 00:15:42,947 [INFO] PluginManager:220 - loadIPPluginJar : add i3c
2024-04-29 00:15:42,949 [INFO] IPUIPlugin:80 - create IPUIPlugin
2024-04-29 00:15:42,949 [INFO] PluginManager:220 - loadIPPluginJar : add touchsensing
2024-04-29 00:15:42,950 [INFO] IPUIPlugin:80 - create IPUIPlugin
2024-04-29 00:15:42,950 [INFO] PluginManager:220 - loadIPPluginJar : add i2c
2024-04-29 00:15:42,953 [INFO] IPUIPlugin:80 - create IPUIPlugin
2024-04-29 00:15:42,954 [INFO] PluginManager:220 - loadIPPluginJar : add resmgrutility
2024-04-29 00:15:42,957 [INFO] IPUIPlugin:80 - create IPUIPlugin
2024-04-29 00:15:42,957 [INFO] PluginManager:220 - loadIPPluginJar : add sai
2024-04-29 00:15:42,961 [INFO] IPUIPlugin:80 - create IPUIPlugin
2024-04-29 00:15:42,961 [INFO] PluginManager:220 - loadIPPluginJar : add usbx
2024-04-29 00:15:43,077 [INFO] CADModel:165 - CPN selected for project level
2024-04-29 00:15:43,077 [INFO] CADModel:114 - Register for checkConnection events
2024-04-29 00:15:43,078 [FATAL] Updater:308 - Updater called before beeing initialized
2024-04-29 00:15:43,078 [ERROR] CADModel:125 - Updater not yet initialized, retry later 
2024-04-29 00:15:43,320 [INFO] CADModel:165 - CPN selected for project level
2024-04-29 00:15:43,320 [INFO] CADModel:114 - Register for checkConnection events
2024-04-29 00:15:43,320 [FATAL] Updater:308 - Updater called before beeing initialized
2024-04-29 00:15:43,320 [ERROR] CADModel:125 - Updater not yet initialized, retry later 
2024-04-29 00:15:43,323 [FATAL] Updater:308 - Updater called before beeing initialized
2024-04-29 00:15:43,499 [FATAL] Updater:308 - Updater called before beeing initialized
2024-04-29 00:15:43,505 [INFO] DbMcusAds:53 - JSON generation date=Wed Nov 29 18:52:27 SGT 2023 (1701255147349)
2024-04-29 00:15:43,506 [FATAL] Updater:308 - Updater called before beeing initialized
2024-04-29 00:15:44,283 [WARN] DetailPanel:346 - Failed to get advertising image, set to default
2024-04-29 00:15:44,356 [FATAL] Updater:308 - Updater called before beeing initialized
2024-04-29 00:15:44,358 [FATAL] Updater:308 - Updater called before beeing initialized
2024-04-29 00:15:44,358 [FATAL] Updater:308 - Updater called before beeing initialized
2024-04-29 00:15:44,358 [WARN] DetailPanel:346 - Failed to get advertising image, set to default
2024-04-29 00:15:44,358 [FATAL] Updater:308 - Updater called before beeing initialized
2024-04-29 00:15:44,427 [ERROR] Updater:1120 - MainUpdater not yet initialized. External WinMGr cannot be set.
2024-04-29 00:15:44,469 [INFO] Updater:1056 - Updater Version found : 6.10.0
2024-04-29 00:15:44,485 [INFO] ApplicationProperties:184 - Using Application install path: /Applications/STM32CubeIDE.app/Contents/Eclipse/plugins/com.st.stm32cube.common.mx_6.10.0.202311202037
2024-04-29 00:15:44,896 [INFO] MainUpdater:2873 - connection check result : 10
2024-04-29 00:15:44,896 [INFO] MainUpdater:3567 - Updater definition file requires update
2024-04-29 00:15:44,897 [INFO] MainUpdater:290 - Updater Check For Update Now.
2024-04-29 00:15:44,897 [INFO] MicroXplorer:498 - Change Database Version : DB.6.0.100
2024-04-29 00:15:44,910 [INFO] McuFinderGlobals:63 - Set McuFinder mode to 2 (CubeIDE integrated)
2024-04-29 00:15:44,923 [INFO] UserAuth:404 - Internet connection configuration mode: 1
2024-04-29 00:15:44,936 [INFO] JxBrowserEngine:152 - Initiate JxBrowser Engine with user profile folder
2024-04-29 00:15:45,092 [INFO] ServerAccessManage:473 - Download File updaters.zip
2024-04-29 00:15:45,200 [WARN] MainUpdater:1194 - Updater busy. Cannot search thirdparties
2024-04-29 00:15:45,202 [INFO] ThirdPartyUpdaterWithRetryManager:96 - Updater plugin is busy. [1/15]
2024-04-29 00:15:45,202 [INFO] FileExtend:240 - Unzip File : updaters.zip
2024-04-29 00:15:45,202 [INFO] FileExtend:255 - Standard Zip Deflate
2024-04-29 00:15:45,422 [INFO] ServerAccessManage:473 - Download File PacksControlFlags.xml
2024-04-29 00:15:45,510 [INFO] ServerAccessManage:473 - Download File cubemx.pidx
2024-04-29 00:15:46,325 [INFO] ServerAccessManage:473 - Download File STMicroelectronics.X-CUBE-FREERTOS.pdsc
2024-04-29 00:15:47,368 [WARN] PackLoader:240 - Cannot read IP mode file for STMicroelectronics.X-CUBE-FREERTOS.1.2.0
2024-04-29 00:15:47,402 [INFO] PopulateThirdPartyThread:66 - Ending populate Thread
2024-04-29 00:15:47,403 [INFO] ThirdParty:1030 - CMSIS Pack Vendor :STMicroelectronics X-CUBE-FREERTOS 1.2.0
2024-04-29 00:15:47,404 [INFO] LoadServerUpdatesThread:375 - End of LoadServerUpdate Thread
2024-04-29 00:15:47,543 [INFO] CheckServerUpdateThread:120 - End of CheckServer Thread
2024-04-29 00:15:48,343 [WARN] PackLoader:240 - Cannot read IP mode file for STMicroelectronics.FP-SNS-MOTENVWB1.1.4.0
2024-04-29 00:15:48,354 [WARN] PackLoader:240 - Cannot read IP mode file for STMicroelectronics.X-CUBE-SMBUS.2.1.0
2024-04-29 00:15:48,367 [WARN] PackLoader:240 - Cannot read IP mode file for STMicroelectronics.X-CUBE-TOUCHGFX.4.23.0
2024-04-29 00:15:48,369 [WARN] PackLoader:240 - Cannot read IP mode file for STMicroelectronics.X-CUBE-TOUCHGFX.4.23.2
2024-04-29 00:15:48,420 [WARN] PackLoader:240 - Cannot read IP mode file for STMicroelectronics.X-CUBE-AZRTOS-F7.1.1.0
2024-04-29 00:15:48,457 [WARN] PackLoader:240 - Cannot read IP mode file for STMicroelectronics.FP-SNS-MOTENV1.4.3.2
2024-04-29 00:15:48,489 [WARN] PackLoader:240 - Cannot read IP mode file for STMicroelectronics.FP-SNS-FLIGHT1.5.0.2
2024-04-29 00:15:48,500 [WARN] PackLoader:240 - Cannot read IP mode file for STMicroelectronics.X-CUBE-DISPLAY.3.0.0
2024-04-29 00:15:48,532 [WARN] PackLoader:240 - Cannot read IP mode file for STMicroelectronics.X-CUBE-BLE1.7.0.0
2024-04-29 00:15:48,550 [WARN] PackLoader:240 - Cannot read IP mode file for emotas.I-CUBE-CANOPEN.1.3.0
2024-04-29 00:15:48,585 [WARN] PackLoader:240 - Cannot read IP mode file for STMicroelectronics.X-CUBE-BLEMGR.3.1.0
2024-04-29 00:15:48,608 [WARN] PackLoader:240 - Cannot read IP mode file for STMicroelectronics.FP-SNS-SMARTAG2.1.2.0
2024-04-29 00:15:48,624 [INFO] LogOutputStream:77 - [STDOUT_REDIRECT] 1 : Invalid condition id : UX_CORESTACK_Condition cause : null
2024-04-29 00:15:48,626 [INFO] LogOutputStream:77 - [STDOUT_REDIRECT] 1 : Invalid condition id : UX_CORESTACK_Condition cause : null
2024-04-29 00:15:48,626 [INFO] LogOutputStream:77 - [STDOUT_REDIRECT] 1 : Invalid condition id : UX_CORESTACK_Condition cause : null
2024-04-29 00:15:48,626 [INFO] LogOutputStream:77 - [STDOUT_REDIRECT] 1 : Invalid condition id : UX_CORESTACK_Condition cause : null
2024-04-29 00:15:48,628 [INFO] LogOutputStream:77 - [STDOUT_REDIRECT] 1 : Invalid condition id : UX_CORESTACK_Condition cause : null
2024-04-29 00:15:48,641 [WARN] PackLoader:240 - Cannot read IP mode file for STMicroelectronics.X-CUBE-AZRTOS-WL.2.0.0
2024-04-29 00:15:48,651 [WARN] PackLoader:240 - Cannot read IP mode file for STMicroelectronics.FP-SNS-MOTENV1.5.0.0
2024-04-29 00:15:48,673 [WARN] PackLoader:240 - Cannot read IP mode file for WES.I-CUBE-Cesium.1.3.0
2024-04-29 00:15:48,691 [WARN] PackLoader:240 - Cannot read IP mode file for STMicroelectronics.X-CUBE-BLE2.3.3.0
2024-04-29 00:15:48,702 [WARN] PackLoader:240 - Cannot read IP mode file for STMicroelectronics.X-CUBE-TCPP.4.1.0
2024-04-29 00:15:48,751 [WARN] PackLoader:240 - Cannot read IP mode file for STMicroelectronics.X-CUBE-ALGOBUILD.1.3.0
2024-04-29 00:15:48,799 [WARN] PackLoader:240 - Cannot read IP mode file for STMicroelectronics.X-CUBE-AZRTOS-G0.1.1.0
2024-04-29 00:15:48,818 [WARN] PackLoader:240 - Cannot read IP mode file for STMicroelectronics.X-CUBE-SAFEA1.1.2.2
2024-04-29 00:15:48,837 [WARN] PackLoader:240 - Cannot read IP mode file for STMicroelectronics.X-CUBE-NFC4.3.0.0
2024-04-29 00:15:48,856 [WARN] PackLoader:240 - Cannot read IP mode file for STMicroelectronics.X-CUBE-BLEMGR.3.0.0
2024-04-29 00:15:48,870 [WARN] PackLoader:240 - Cannot read IP mode file for STMicroelectronics.FP-ATR-SIGFOX1.3.2.0
2024-04-29 00:15:48,897 [WARN] PackLoader:240 - Cannot read IP mode file for STMicroelectronics.X-CUBE-EEPRMA1.5.1.0
2024-04-29 00:15:48,981 [WARN] PackLoader:240 - Cannot read IP mode file for SEGGER.I-CUBE-embOS.1.3.1
2024-04-29 00:15:49,031 [WARN] PackLoader:240 - Cannot read IP mode file for STMicroelectronics.X-CUBE-GNSS1.6.0.0
2024-04-29 00:15:49,064 [WARN] PackLoader:240 - Cannot read IP mode file for STMicroelectronics.X-CUBE-AZRTOS-F4.1.1.0
2024-04-29 00:15:49,086 [WARN] PackLoader:240 - Cannot read IP mode file for STMicroelectronics.X-CUBE-FREERTOS.1.2.0
2024-04-29 00:15:49,103 [WARN] PackLoader:240 - Cannot read IP mode file for wolfSSL.I-CUBE-wolfSSL.5.6.6
2024-04-29 00:15:49,156 [WARN] PackLoader:240 - Cannot read IP mode file for STMicroelectronics.X-CUBE-AZRTOS-L5.2.0.0
2024-04-29 00:15:49,193 [WARN] PackLoader:240 - Cannot read IP mode file for STMicroelectronics.X-CUBE-EEPRMA1.4.2.0
2024-04-29 00:15:49,219 [WARN] PackLoader:240 - Cannot read IP mode file for STMicroelectronics.X-CUBE-NFC6.3.1.0
2024-04-29 00:15:49,239 [WARN] PackLoader:240 - Cannot read IP mode file for ITTIA_DB.I-CUBE-ITTIADB.8.8.0
2024-04-29 00:15:49,247 [WARN] PackLoader:240 - Cannot read IP mode file for STMicroelectronics.X-CUBE-AI.9.0.0
2024-04-29 00:15:49,255 [WARN] PackLoader:240 - Cannot read IP mode file for STMicroelectronics.X-CUBE-NFC7.1.0.1
2024-04-29 00:15:49,281 [WARN] PackLoader:240 - Cannot read IP mode file for STMicroelectronics.X-CUBE-NFC6.3.0.0
2024-04-29 00:15:49,291 [WARN] PackLoader:240 - Cannot read IP mode file for STMicroelectronics.X-CUBE-AI.8.1.0
2024-04-29 00:15:49,321 [WARN] ConditionMgr:438 - getConditionDescription Invalid condition id : LAN8742 Phy interface Condition cause : null
2024-04-29 00:15:49,322 [WARN] PackLoader:240 - Cannot read IP mode file for STMicroelectronics.X-CUBE-AZRTOS-L4.2.0.0
2024-04-29 00:15:49,326 [WARN] ConditionMgr:1039 - genDependencies : Invalid condition id : LAN8742 Phy interface Condition cause : null
2024-04-29 00:15:49,327 [WARN] ConditionMgr:1039 - genDependencies : Invalid condition id : LAN8742 Phy interface Condition cause : null
2024-04-29 00:15:49,328 [WARN] ConditionMgr:1039 - genDependencies : Invalid condition id : LAN8742 Phy interface Condition cause : null
2024-04-29 00:15:49,337 [WARN] PackLoader:240 - Cannot read IP mode file for STMicroelectronics.X-CUBE-SFXS2LP1.4.0.0
2024-04-29 00:15:49,353 [WARN] ConditionMgr:438 - getConditionDescription Invalid condition id : UX DEVICE CLASS RTOS Condition cause : null
2024-04-29 00:15:49,354 [WARN] ConditionMgr:438 - getConditionDescription Invalid condition id : UX DEVICE CLASS RTOS Condition cause : null
2024-04-29 00:15:49,359 [WARN] PackLoader:240 - Cannot read IP mode file for STMicroelectronics.X-CUBE-AZRTOS-WB.2.0.0
2024-04-29 00:15:49,360 [WARN] ConditionMgr:1039 - genDependencies : Invalid condition id : UX DEVICE CLASS RTOS Condition cause : null
2024-04-29 00:15:49,360 [WARN] ConditionMgr:1039 - genDependencies : Invalid condition id : UX DEVICE CLASS RTOS Condition cause : null
2024-04-29 00:15:49,361 [WARN] ConditionMgr:1039 - genDependencies : Invalid condition id : UX DEVICE CLASS RTOS Condition cause : null
2024-04-29 00:15:49,361 [WARN] ConditionMgr:1039 - genDependencies : Invalid condition id : UX DEVICE CLASS RTOS Condition cause : null
2024-04-29 00:15:49,361 [WARN] ConditionMgr:1039 - genDependencies : Invalid condition id : UX DEVICE CLASS RTOS Condition cause : null
2024-04-29 00:15:49,376 [WARN] PackLoader:240 - Cannot read IP mode file for STMicroelectronics.X-CUBE-SUBG2.5.0.0
2024-04-29 00:15:49,401 [WARN] PackLoader:240 - Cannot read IP mode file for STMicroelectronics.X-CUBE-AZRTOS-G4.2.0.0
2024-04-29 00:15:49,429 [WARN] PackLoader:240 - Cannot read IP mode file for Infineon.AIROC-Wi-Fi-Bluetooth-STM32.1.5.1
2024-04-29 00:15:49,446 [WARN] PackLoader:240 - Cannot read IP mode file for STMicroelectronics.FP-SNS-MOTENVWB1.1.3.1
2024-04-29 00:15:49,467 [WARN] PackLoader:240 - Cannot read IP mode file for STMicroelectronics.X-CUBE-ISPU.2.0.0
2024-04-29 00:15:49,532 [WARN] PackLoader:240 - Cannot read IP mode file for STMicroelectronics.X-CUBE-MEMS1.10.0.0
2024-04-29 00:15:49,704 [WARN] PackLoader:240 - Cannot read IP mode file for STMicroelectronics.X-CUBE-FREERTOS.1.1.0
2024-04-29 00:15:49,712 [WARN] PackLoader:240 - Cannot read IP mode file for portGmbH.I-Cube-SoM-uGOAL.1.1.0
2024-04-29 00:15:49,719 [WARN] PackLoader:240 - Cannot read IP mode file for STMicroelectronics.X-CUBE-ALS.1.0.1
2024-04-29 00:15:49,742 [WARN] PackLoader:240 - Cannot read IP mode file for STMicroelectronics.X-CUBE-AZRTOS-H7RS.1.0.0
2024-04-29 00:15:49,755 [WARN] PackLoader:240 - Cannot read IP mode file for STMicroelectronics.FP-ATR-ASTRA1.2.0.0
2024-04-29 00:15:49,769 [WARN] PackLoader:240 - Cannot read IP mode file for STMicroelectronics.X-CUBE-TOF1.3.4.0
2024-04-29 00:15:49,801 [WARN] PackLoader:240 - Cannot read IP mode file for STMicroelectronics.X-CUBE-TOF1.3.4.1
2024-04-29 00:15:49,849 [WARN] PackLoader:240 - Cannot read IP mode file for STMicroelectronics.X-CUBE-AZRTOS-H7.3.2.0
2024-04-29 00:15:49,860 [INFO] ThirdParty:978 - Integrity check success = true
2024-04-29 00:15:49,860 [INFO] IntegrityCheckThread:100 - exiting critical section [integrity check]
2024-04-29 00:15:49,860 [INFO] IntegrityCheckThread:103 - End integrity checks thread
2024-04-29 00:15:55,051 [INFO] WebApp:161 - Instantiating new browser for Auth
2024-04-29 00:15:56,380 [INFO] WebApp:780 - Register for checkConnection events
2024-04-29 00:15:56,381 [INFO] WebApp:414 - Apply proxy settings
2024-04-29 00:15:56,401 [INFO] WebApp:459 - Chromium authenticates against Manually configured proxy
2024-04-29 00:15:56,421 [INFO] WebApp:467 - Username used for proxy authentication: 
2024-04-29 00:15:56,616 [INFO] WebApp:192 - Starting web application
2024-04-29 00:15:56,616 [INFO] WebApp:544 - Web application path used /Applications/STM32CubeIDE.app/Contents/Eclipse/plugins/com.st.stm32cube.common.mx_6.10.0.202311202037/db/plugins/mcufinder/reactClient1/index.html
2024-04-29 00:16:00,678 [ERROR] LogOutputStream:75 - [STDERR_REDIRECT] SLF4J: Failed to load class "org.slf4j.impl.StaticLoggerBinder".
2024-04-29 00:16:00,681 [ERROR] LogOutputStream:75 - [STDERR_REDIRECT] SLF4J: Defaulting to no-operation (NOP) logger implementation
2024-04-29 00:16:00,682 [ERROR] LogOutputStream:75 - [STDERR_REDIRECT] SLF4J: See http://www.slf4j.org/codes.html#StaticLoggerBinder for further details.
