2024-05-04 23:26:16,106 [ERROR] LogOutputStream:75 - [STDERR_REDIRECT] 
2024-05-04 23:26:36,509 [INFO] Activator:176 - 


2024-05-04 23:26:36,511 [INFO] Activator:177 - !SESSION log4j initialized
2024-05-04 23:26:39,021 [ERROR] LogOutputStream:75 - [STDERR_REDIRECT] 
2024-05-04 23:26:41,986 [INFO] LogOutputStream:77 - [STDOUT_REDIRECT] 
2024-05-04 23:26:44,155 [ERROR] LogOutputStream:75 - [STDERR_REDIRECT] [Fatal Error] :2:10: DOCTYPE is disallowed when the feature "http://apache.org/xml/features/disallow-doctype-decl" set to true.
2024-05-04 23:26:44,156 [ERROR] LogOutputStream:75 - [STDERR_REDIRECT] 
2024-05-04 23:26:44,379 [INFO] ApplicationProperties:184 - Using Application install path: /Applications/STM32CubeIDE.app/Contents/Eclipse/plugins/com.st.stm32cube.common.mx_6.10.0.202311202037
2024-05-04 23:26:44,393 [INFO] DbMcusXml:78 - Set database path to: /Applications/STM32CubeIDE.app/Contents/Eclipse/plugins/com.st.stm32cube.common.mx_6.10.0.202311202037//db//mcu/
2024-05-04 23:26:44,394 [INFO] ApiDb:274 - Set plugin database path to: /Applications/STM32CubeIDE.app/Contents/Eclipse/plugins/com.st.stm32cube.common.mx_6.10.0.202311202037//db//plugins/boardmanager/
2024-05-04 23:26:44,396 [WARN] ApiDb:259 - Overriding images path with different value:  => /Applications/STM32CubeIDE.app/Contents/Eclipse/plugins/com.st.stm32cube.common.mx_6.10.0.202311202037//db//plugins/mcufinder/images/
2024-05-04 23:26:44,403 [INFO] ApiDb:250 - Set database path to: /Users/bentjh01/.stmcufinder/plugins/mcufinder//mcu/
2024-05-04 23:26:44,404 [INFO] DbMcusAds:125 - Set database path to: /Users/bentjh01/.stmcufinder/plugins/mcufinder//mcu/
2024-05-04 23:26:44,405 [INFO] CrossReferenceDbSqlite:203 - Set database path to: /Users/bentjh01/.stmcufinder/plugins/mcufinder//mcu/cs/
2024-05-04 23:26:44,591 [INFO] RulesReader:64 - Compatibility file has been processed (297 Rules)
2024-05-04 23:26:44,689 [INFO] DbMcusXml:78 - Set database path to: /Applications/STM32CubeIDE.app/Contents/Eclipse/plugins/com.st.stm32cube.common.mx_6.10.0.202311202037//db//mcu/
2024-05-04 23:26:44,690 [INFO] ApiDb:274 - Set plugin database path to: /Applications/STM32CubeIDE.app/Contents/Eclipse/plugins/com.st.stm32cube.common.mx_6.10.0.202311202037//db//plugins/boardmanager/
2024-05-04 23:26:44,692 [INFO] ApiDb:261 - Set plugin images path to: /Applications/STM32CubeIDE.app/Contents/Eclipse/plugins/com.st.stm32cube.common.mx_6.10.0.202311202037//db//plugins/mcufinder/images/
2024-05-04 23:26:44,694 [WARN] DbFile:41 - Overriding database path with different value: /Users/bentjh01/.stmcufinder/plugins/mcufinder/ => /Users/bentjh01/.stmcufinder/plugins/mcufinder
2024-05-04 23:26:44,694 [INFO] ApiDb:250 - Set database path to: /Users/bentjh01/.stmcufinder/plugins/mcufinder//mcu/
2024-05-04 23:26:44,694 [WARN] DbFile:41 - Overriding database path with different value: /Users/bentjh01/.stmcufinder/plugins/mcufinder/ => /Users/bentjh01/.stmcufinder/plugins/mcufinder
2024-05-04 23:26:44,694 [INFO] DbMcusAds:125 - Set database path to: /Users/bentjh01/.stmcufinder/plugins/mcufinder//mcu/
2024-05-04 23:26:44,694 [WARN] DbFile:41 - Overriding database path with different value: /Users/bentjh01/.stmcufinder/plugins/mcufinder/ => /Users/bentjh01/.stmcufinder/plugins/mcufinder
2024-05-04 23:26:44,694 [WARN] DbFile:41 - Overriding database path with different value: /Users/bentjh01/.stmcufinder/plugins/mcufinder/ => /Users/bentjh01/.stmcufinder/plugins/mcufinder
2024-05-04 23:26:44,694 [INFO] CrossReferenceDbSqlite:203 - Set database path to: /Users/bentjh01/.stmcufinder/plugins/mcufinder//mcu/cs/
2024-05-04 23:26:44,781 [INFO] MainPanel:264 - HeapMemory: 268435456
2024-05-04 23:26:44,872 [INFO] DbMcusXml:78 - Set database path to: /Applications/STM32CubeIDE.app/Contents/Eclipse/plugins/com.st.stm32cube.common.mx_6.10.0.202311202037//db//mcu/
2024-05-04 23:26:44,872 [INFO] ApiDb:274 - Set plugin database path to: /Applications/STM32CubeIDE.app/Contents/Eclipse/plugins/com.st.stm32cube.common.mx_6.10.0.202311202037//db//plugins/boardmanager/
2024-05-04 23:26:44,873 [INFO] ApiDb:261 - Set plugin images path to: /Applications/STM32CubeIDE.app/Contents/Eclipse/plugins/com.st.stm32cube.common.mx_6.10.0.202311202037//db//plugins/mcufinder/images/
2024-05-04 23:26:44,873 [WARN] DbFile:41 - Overriding database path with different value: /Users/bentjh01/.stmcufinder/plugins/mcufinder/ => /Users/bentjh01/.stmcufinder/plugins/mcufinder
2024-05-04 23:26:44,873 [INFO] ApiDb:250 - Set database path to: /Users/bentjh01/.stmcufinder/plugins/mcufinder//mcu/
2024-05-04 23:26:44,873 [WARN] DbFile:41 - Overriding database path with different value: /Users/bentjh01/.stmcufinder/plugins/mcufinder/ => /Users/bentjh01/.stmcufinder/plugins/mcufinder
2024-05-04 23:26:44,873 [INFO] DbMcusAds:125 - Set database path to: /Users/bentjh01/.stmcufinder/plugins/mcufinder//mcu/
2024-05-04 23:26:44,873 [WARN] DbFile:41 - Overriding database path with different value: /Users/bentjh01/.stmcufinder/plugins/mcufinder/ => /Users/bentjh01/.stmcufinder/plugins/mcufinder
2024-05-04 23:26:44,873 [WARN] DbFile:41 - Overriding database path with different value: /Users/bentjh01/.stmcufinder/plugins/mcufinder/ => /Users/bentjh01/.stmcufinder/plugins/mcufinder
2024-05-04 23:26:44,873 [INFO] CrossReferenceDbSqlite:203 - Set database path to: /Users/bentjh01/.stmcufinder/plugins/mcufinder//mcu/cs/
2024-05-04 23:26:44,893 [INFO] ApplicationProperties:184 - Using Application install path: /Applications/STM32CubeIDE.app/Contents/Eclipse/plugins/com.st.stm32cube.common.mx_6.10.0.202311202037
2024-05-04 23:26:44,894 [INFO] PluginManage:196 - Search for loadable plugins [exclusion list=, ]
2024-05-04 23:26:44,896 [INFO] PluginManage:310 - Check plugin analytics
2024-05-04 23:26:45,139 [INFO] AnalyticsPlugin:253 - Accepted Software Licenses: 
2024-05-04 23:26:45,141 [INFO] AnalyticsPlugin:255 - Accepted CMSIS Pack Licenses: 
2024-05-04 23:26:45,141 [INFO] AnalyticsPlugin:257 - Accepted Firmware Licenses: FW.F4.1.28.0
2024-05-04 23:26:45,224 [INFO] PluginManage:359 - Loaded plugin analytics (category:tool,tabindex:-1)
2024-05-04 23:26:45,226 [INFO] PluginManage:310 - Check plugin cadmodel
2024-05-04 23:26:45,640 [INFO] CADModel:105 - Init CAD model plugin
2024-05-04 23:26:45,640 [INFO] PluginManage:359 - Loaded plugin cadmodel (category:power,tabindex:5)
2024-05-04 23:26:45,641 [INFO] PluginManage:310 - Check plugin clock
2024-05-04 23:26:45,651 [INFO] PluginManage:359 - Loaded plugin clock (category:base,tabindex:2)
2024-05-04 23:26:45,652 [INFO] PluginManage:310 - Check plugin ddr
2024-05-04 23:26:45,654 [INFO] PluginManage:359 - Loaded plugin ddr (category:tool,tabindex:6)
2024-05-04 23:26:45,654 [INFO] PluginManage:310 - Check plugin filemanager
2024-05-04 23:26:45,807 [INFO] PluginManage:359 - Loaded plugin filemanager (category:base,tabindex:10)
2024-05-04 23:26:45,807 [INFO] PluginManage:310 - Check plugin ipmanager
2024-05-04 23:26:45,814 [INFO] PluginManage:359 - Loaded plugin ipmanager (category:base,tabindex:5)
2024-05-04 23:26:45,814 [INFO] PluginManage:310 - Check plugin lpbam
2024-05-04 23:26:45,821 [INFO] PluginManage:359 - Loaded plugin lpbam (category:base,tabindex:0)
2024-05-04 23:26:45,821 [INFO] PluginManage:310 - Check plugin memorymap
2024-05-04 23:26:45,830 [INFO] PluginManage:359 - Loaded plugin memorymap (category:base,tabindex:4)
2024-05-04 23:26:45,830 [INFO] PluginManage:310 - Check plugin pinoutandconfiguration
2024-05-04 23:26:45,834 [INFO] PluginManage:359 - Loaded plugin pinoutandconfiguration (category:base,tabindex:1)
2024-05-04 23:26:45,834 [INFO] PluginManage:310 - Check plugin pinoutconfig
2024-05-04 23:26:45,916 [WARN] SupportedApi:132 - Cannot load RTOS API schema: s4s-elt-must-match.1: The content of 'definitions' must match (annotation?, (simpleType | complexType)?, (unique | key | keyref)*)). A problem was found starting at: attribute.
2024-05-04 23:26:46,053 [INFO] PluginManage:359 - Loaded plugin pinoutconfig (category:base,tabindex:0)
2024-05-04 23:26:46,053 [INFO] PluginManage:310 - Check plugin power
2024-05-04 23:26:46,062 [INFO] PluginManage:359 - Loaded plugin power (category:power,tabindex:4)
2024-05-04 23:26:46,062 [INFO] PluginManage:310 - Check plugin projectmanager
2024-05-04 23:26:46,089 [INFO] PluginManage:359 - Loaded plugin projectmanager (category:projectmanager,tabindex:3)
2024-05-04 23:26:46,089 [INFO] PluginManage:310 - Check plugin thirdparty
2024-05-04 23:26:46,238 [INFO] PluginManage:359 - Loaded plugin thirdparty (category:base,tabindex:-1)
2024-05-04 23:26:46,238 [INFO] PluginManage:310 - Check plugin tools
2024-05-04 23:26:46,242 [INFO] PluginManage:359 - Loaded plugin tools (category:base,tabindex:7)
2024-05-04 23:26:46,242 [INFO] PluginManage:310 - Check plugin tutovideos
2024-05-04 23:26:46,237 [WARN] IntegrityCheckThread:84 - waiting for thirdparty lock release [integrity check]
2024-05-04 23:26:46,243 [INFO] IntegrityCheckThread:86 - entering critical section [integrity check]
2024-05-04 23:26:46,244 [INFO] ThirdPartyUpdaterWithRetryManager:70 - Updater plugin not ready yet. [1/15]
2024-05-04 23:26:46,461 [INFO] PluginManage:359 - Loaded plugin tutovideos (category:base,tabindex:-1)
2024-05-04 23:26:46,463 [INFO] PluginManage:310 - Check plugin updater
2024-05-04 23:26:46,499 [INFO] PluginManage:359 - Loaded plugin updater (category:base,tabindex:12)
2024-05-04 23:26:46,500 [INFO] PluginManage:310 - Check plugin userauth
2024-05-04 23:26:46,508 [INFO] UserAuth:114 - Init User Auth plugin
2024-05-04 23:26:46,509 [INFO] PluginManage:359 - Loaded plugin userauth (category:base,tabindex:14)
2024-05-04 23:26:46,511 [INFO] PluginManage:283 - PluginManage : Loaded plugins [17]
2024-05-04 23:26:47,279 [INFO] PinOutPanel:1499 - setPackage(No Configuration,No Configuration)
2024-05-04 23:26:47,359 [INFO] CADModel:165 - CPN selected for project level
2024-05-04 23:26:47,360 [INFO] CADModel:114 - Register for checkConnection events
2024-05-04 23:26:47,375 [INFO] IPUIPlugin:80 - create IPUIPlugin
2024-05-04 23:26:47,376 [INFO] PluginManager:220 - loadIPPluginJar : add mdma
2024-05-04 23:26:47,383 [INFO] IPUIPlugin:80 - create IPUIPlugin
2024-05-04 23:26:47,383 [INFO] PluginManager:220 - loadIPPluginJar : add freertos
2024-05-04 23:26:47,388 [INFO] IPUIPlugin:80 - create IPUIPlugin
2024-05-04 23:26:47,389 [INFO] PluginManager:220 - loadIPPluginJar : add gic
2024-05-04 23:26:47,396 [INFO] IPUIPlugin:80 - create IPUIPlugin
2024-05-04 23:26:47,396 [INFO] PluginManager:220 - loadIPPluginJar : add adc
2024-05-04 23:26:47,399 [INFO] IPUIPlugin:80 - create IPUIPlugin
2024-05-04 23:26:47,399 [INFO] PluginManager:220 - loadIPPluginJar : add gtzc
2024-05-04 23:26:47,401 [INFO] IPUIPlugin:80 - create IPUIPlugin
2024-05-04 23:26:47,401 [INFO] PluginManager:220 - loadIPPluginJar : add quadspi
2024-05-04 23:26:47,403 [INFO] IPUIPlugin:80 - create IPUIPlugin
2024-05-04 23:26:47,403 [INFO] PluginManager:220 - loadIPPluginJar : add aes
2024-05-04 23:26:47,404 [INFO] IPUIPlugin:80 - create IPUIPlugin
2024-05-04 23:26:47,404 [INFO] PluginManager:220 - loadIPPluginJar : add pdm2pcm
2024-05-04 23:26:47,405 [INFO] IPUIPlugin:80 - create IPUIPlugin
2024-05-04 23:26:47,405 [INFO] PluginManager:220 - loadIPPluginJar : add hash
2024-05-04 23:26:47,407 [INFO] IPUIPlugin:80 - create IPUIPlugin
2024-05-04 23:26:47,407 [INFO] PluginManager:220 - loadIPPluginJar : add tim
2024-05-04 23:26:47,408 [INFO] IPUIPlugin:80 - create IPUIPlugin
2024-05-04 23:26:47,408 [INFO] PluginManager:220 - loadIPPluginJar : add tsc
2024-05-04 23:26:47,409 [INFO] IPUIPlugin:80 - create IPUIPlugin
2024-05-04 23:26:47,409 [INFO] PluginManager:220 - loadIPPluginJar : add ts
2024-05-04 23:26:47,411 [INFO] IPUIPlugin:80 - create IPUIPlugin
2024-05-04 23:26:47,411 [INFO] PluginManager:220 - loadIPPluginJar : add can
2024-05-04 23:26:47,413 [INFO] IPUIPlugin:80 - create IPUIPlugin
2024-05-04 23:26:47,414 [INFO] PluginManager:220 - loadIPPluginJar : add dma3
2024-05-04 23:26:47,416 [INFO] IPUIPlugin:80 - create IPUIPlugin
2024-05-04 23:26:47,416 [INFO] PluginManager:220 - loadIPPluginJar : add dfsdm
2024-05-04 23:26:47,418 [INFO] IPUIPlugin:80 - create IPUIPlugin
2024-05-04 23:26:47,418 [INFO] PluginManager:220 - loadIPPluginJar : add spi
2024-05-04 23:26:47,419 [INFO] IPUIPlugin:80 - create IPUIPlugin
2024-05-04 23:26:47,419 [INFO] PluginManager:220 - loadIPPluginJar : add gfxmmu
2024-05-04 23:26:47,420 [INFO] IPUIPlugin:80 - create IPUIPlugin
2024-05-04 23:26:47,420 [INFO] PluginManager:220 - loadIPPluginJar : add genericplugin
2024-05-04 23:26:47,421 [INFO] IPUIPlugin:80 - create IPUIPlugin
2024-05-04 23:26:47,421 [INFO] PluginManager:220 - loadIPPluginJar : add cryp
2024-05-04 23:26:47,423 [INFO] IPUIPlugin:80 - create IPUIPlugin
2024-05-04 23:26:47,423 [INFO] PluginManager:220 - loadIPPluginJar : add gpio
2024-05-04 23:26:47,424 [INFO] IPUIPlugin:80 - create IPUIPlugin
2024-05-04 23:26:47,425 [INFO] PluginManager:220 - loadIPPluginJar : add comp
2024-05-04 23:26:47,426 [INFO] IPUIPlugin:80 - create IPUIPlugin
2024-05-04 23:26:47,426 [INFO] PluginManager:220 - loadIPPluginJar : add tracer_emb
2024-05-04 23:26:47,427 [INFO] IPUIPlugin:80 - create IPUIPlugin
2024-05-04 23:26:47,428 [INFO] PluginManager:220 - loadIPPluginJar : add openamp
2024-05-04 23:26:47,430 [INFO] IPUIPlugin:80 - create IPUIPlugin
2024-05-04 23:26:47,431 [INFO] PluginManager:220 - loadIPPluginJar : add stm32_wpan
2024-05-04 23:26:47,434 [INFO] IPUIPlugin:80 - create IPUIPlugin
2024-05-04 23:26:47,442 [INFO] PluginManager:220 - loadIPPluginJar : add plateformsettings
2024-05-04 23:26:47,445 [INFO] IPUIPlugin:80 - create IPUIPlugin
2024-05-04 23:26:47,446 [INFO] PluginManager:220 - loadIPPluginJar : add ipddr
2024-05-04 23:26:47,449 [INFO] IPUIPlugin:80 - create IPUIPlugin
2024-05-04 23:26:47,449 [INFO] PluginManager:220 - loadIPPluginJar : add usart
2024-05-04 23:26:47,451 [INFO] IPUIPlugin:80 - create IPUIPlugin
2024-05-04 23:26:47,452 [INFO] PluginManager:220 - loadIPPluginJar : add ltdc
2024-05-04 23:26:47,453 [INFO] IPUIPlugin:80 - create IPUIPlugin
2024-05-04 23:26:47,454 [INFO] PluginManager:220 - loadIPPluginJar : add nvic
2024-05-04 23:26:47,454 [INFO] IPUIPlugin:80 - create IPUIPlugin
2024-05-04 23:26:47,454 [INFO] PluginManager:220 - loadIPPluginJar : add fatfs
2024-05-04 23:26:47,459 [INFO] IPUIPlugin:80 - create IPUIPlugin
2024-05-04 23:26:47,459 [INFO] PluginManager:220 - loadIPPluginJar : add linkedlist
2024-05-04 23:26:47,462 [INFO] IPUIPlugin:80 - create IPUIPlugin
2024-05-04 23:26:47,463 [INFO] PluginManager:220 - loadIPPluginJar : add dma
2024-05-04 23:26:47,466 [INFO] IPUIPlugin:80 - create IPUIPlugin
2024-05-04 23:26:47,466 [INFO] PluginManager:220 - loadIPPluginJar : add fmc
2024-05-04 23:26:47,467 [INFO] IPUIPlugin:80 - create IPUIPlugin
2024-05-04 23:26:47,467 [INFO] PluginManager:220 - loadIPPluginJar : add i2s
2024-05-04 23:26:47,468 [INFO] IPUIPlugin:80 - create IPUIPlugin
2024-05-04 23:26:47,468 [INFO] PluginManager:220 - loadIPPluginJar : add ucpd
2024-05-04 23:26:47,484 [INFO] IPUIPlugin:80 - create IPUIPlugin
2024-05-04 23:26:47,485 [INFO] PluginManager:220 - loadIPPluginJar : add lorawan
2024-05-04 23:26:47,492 [INFO] IPUIPlugin:80 - create IPUIPlugin
2024-05-04 23:26:47,492 [INFO] PluginManager:220 - loadIPPluginJar : add opamp
2024-05-04 23:26:47,494 [INFO] IPUIPlugin:80 - create IPUIPlugin
2024-05-04 23:26:47,494 [INFO] PluginManager:220 - loadIPPluginJar : add i3c
2024-05-04 23:26:47,496 [INFO] IPUIPlugin:80 - create IPUIPlugin
2024-05-04 23:26:47,496 [INFO] PluginManager:220 - loadIPPluginJar : add touchsensing
2024-05-04 23:26:47,497 [INFO] IPUIPlugin:80 - create IPUIPlugin
2024-05-04 23:26:47,497 [INFO] PluginManager:220 - loadIPPluginJar : add i2c
2024-05-04 23:26:47,500 [INFO] IPUIPlugin:80 - create IPUIPlugin
2024-05-04 23:26:47,500 [INFO] PluginManager:220 - loadIPPluginJar : add resmgrutility
2024-05-04 23:26:47,502 [INFO] IPUIPlugin:80 - create IPUIPlugin
2024-05-04 23:26:47,502 [INFO] PluginManager:220 - loadIPPluginJar : add sai
2024-05-04 23:26:47,504 [INFO] IPUIPlugin:80 - create IPUIPlugin
2024-05-04 23:26:47,504 [INFO] PluginManager:220 - loadIPPluginJar : add usbx
2024-05-04 23:26:47,629 [INFO] CADModel:165 - CPN selected for project level
2024-05-04 23:26:47,631 [INFO] CADModel:114 - Register for checkConnection events
2024-05-04 23:26:47,636 [FATAL] Updater:308 - Updater called before beeing initialized
2024-05-04 23:26:47,636 [ERROR] CADModel:125 - Updater not yet initialized, retry later 
2024-05-04 23:26:47,867 [INFO] CADModel:165 - CPN selected for project level
2024-05-04 23:26:47,867 [INFO] CADModel:114 - Register for checkConnection events
2024-05-04 23:26:47,867 [FATAL] Updater:308 - Updater called before beeing initialized
2024-05-04 23:26:47,867 [ERROR] CADModel:125 - Updater not yet initialized, retry later 
2024-05-04 23:26:47,869 [FATAL] Updater:308 - Updater called before beeing initialized
2024-05-04 23:26:48,016 [FATAL] Updater:308 - Updater called before beeing initialized
2024-05-04 23:26:48,022 [INFO] DbMcusAds:53 - JSON generation date=Wed Nov 29 18:52:27 SGT 2023 (1701255147349)
2024-05-04 23:26:48,022 [FATAL] Updater:308 - Updater called before beeing initialized
2024-05-04 23:26:48,072 [WARN] DetailPanel:346 - Failed to get advertising image, set to default
2024-05-04 23:26:48,146 [FATAL] Updater:308 - Updater called before beeing initialized
2024-05-04 23:26:48,147 [FATAL] Updater:308 - Updater called before beeing initialized
2024-05-04 23:26:48,147 [FATAL] Updater:308 - Updater called before beeing initialized
2024-05-04 23:26:48,147 [WARN] DetailPanel:346 - Failed to get advertising image, set to default
2024-05-04 23:26:48,148 [FATAL] Updater:308 - Updater called before beeing initialized
2024-05-04 23:26:48,222 [ERROR] Updater:1120 - MainUpdater not yet initialized. External WinMGr cannot be set.
2024-05-04 23:26:48,244 [INFO] Updater:1056 - Updater Version found : 6.10.0
2024-05-04 23:26:48,256 [INFO] ApplicationProperties:184 - Using Application install path: /Applications/STM32CubeIDE.app/Contents/Eclipse/plugins/com.st.stm32cube.common.mx_6.10.0.202311202037
2024-05-04 23:26:49,060 [INFO] MainUpdater:2873 - connection check result : 10
2024-05-04 23:26:49,060 [INFO] MainUpdater:3567 - Updater definition file requires update
2024-05-04 23:26:49,061 [INFO] MainUpdater:290 - Updater Check For Update Now.
2024-05-04 23:26:49,062 [INFO] MicroXplorer:498 - Change Database Version : DB.6.0.100
2024-05-04 23:26:49,066 [INFO] McuFinderGlobals:63 - Set McuFinder mode to 2 (CubeIDE integrated)
2024-05-04 23:26:49,079 [INFO] UserAuth:404 - Internet connection configuration mode: 1
2024-05-04 23:26:49,104 [INFO] JxBrowserEngine:152 - Initiate JxBrowser Engine with user profile folder
2024-05-04 23:26:49,250 [WARN] MainUpdater:1194 - Updater busy. Cannot search thirdparties
2024-05-04 23:26:49,252 [INFO] ThirdPartyUpdaterWithRetryManager:96 - Updater plugin is busy. [1/15]
2024-05-04 23:26:49,255 [INFO] ServerAccessManage:473 - Download File updaters.zip
2024-05-04 23:26:49,386 [INFO] FileExtend:240 - Unzip File : updaters.zip
2024-05-04 23:26:49,386 [INFO] FileExtend:255 - Standard Zip Deflate
2024-05-04 23:26:49,577 [INFO] ServerAccessManage:473 - Download File PacksControlFlags.xml
2024-05-04 23:26:49,673 [INFO] ServerAccessManage:473 - Download File cubemx.pidx
2024-05-04 23:26:49,822 [INFO] LoadServerUpdatesThread:375 - End of LoadServerUpdate Thread
2024-05-04 23:26:50,025 [INFO] CheckServerUpdateThread:120 - End of CheckServer Thread
2024-05-04 23:26:52,434 [WARN] PackLoader:240 - Cannot read IP mode file for STMicroelectronics.FP-SNS-MOTENVWB1.1.4.0
2024-05-04 23:26:52,461 [WARN] PackLoader:240 - Cannot read IP mode file for STMicroelectronics.X-CUBE-SMBUS.2.1.0
2024-05-04 23:26:52,481 [WARN] PackLoader:240 - Cannot read IP mode file for STMicroelectronics.X-CUBE-TOUCHGFX.4.23.0
2024-05-04 23:26:52,486 [WARN] PackLoader:240 - Cannot read IP mode file for STMicroelectronics.X-CUBE-TOUCHGFX.4.23.2
2024-05-04 23:26:52,536 [WARN] PackLoader:240 - Cannot read IP mode file for STMicroelectronics.X-CUBE-AZRTOS-F7.1.1.0
2024-05-04 23:26:52,565 [WARN] PackLoader:240 - Cannot read IP mode file for STMicroelectronics.FP-SNS-MOTENV1.4.3.2
2024-05-04 23:26:52,592 [WARN] PackLoader:240 - Cannot read IP mode file for STMicroelectronics.FP-SNS-FLIGHT1.5.0.2
2024-05-04 23:26:52,609 [WARN] PackLoader:240 - Cannot read IP mode file for STMicroelectronics.X-CUBE-DISPLAY.3.0.0
2024-05-04 23:26:52,639 [WARN] PackLoader:240 - Cannot read IP mode file for STMicroelectronics.X-CUBE-BLE1.7.0.0
2024-05-04 23:26:52,656 [WARN] PackLoader:240 - Cannot read IP mode file for emotas.I-CUBE-CANOPEN.1.3.0
2024-05-04 23:26:52,682 [WARN] PackLoader:240 - Cannot read IP mode file for STMicroelectronics.X-CUBE-BLEMGR.3.1.0
2024-05-04 23:26:52,693 [WARN] PackLoader:240 - Cannot read IP mode file for STMicroelectronics.FP-SNS-SMARTAG2.1.2.0
2024-05-04 23:26:52,718 [INFO] LogOutputStream:77 - [STDOUT_REDIRECT] 1 : Invalid condition id : UX_CORESTACK_Condition cause : null
2024-05-04 23:26:52,720 [INFO] LogOutputStream:77 - [STDOUT_REDIRECT] 1 : Invalid condition id : UX_CORESTACK_Condition cause : null
2024-05-04 23:26:52,721 [INFO] LogOutputStream:77 - [STDOUT_REDIRECT] 1 : Invalid condition id : UX_CORESTACK_Condition cause : null
2024-05-04 23:26:52,721 [INFO] LogOutputStream:77 - [STDOUT_REDIRECT] 1 : Invalid condition id : UX_CORESTACK_Condition cause : null
2024-05-04 23:26:52,722 [INFO] LogOutputStream:77 - [STDOUT_REDIRECT] 1 : Invalid condition id : UX_CORESTACK_Condition cause : null
2024-05-04 23:26:52,726 [WARN] PackLoader:240 - Cannot read IP mode file for STMicroelectronics.X-CUBE-AZRTOS-WL.2.0.0
2024-05-04 23:26:52,733 [WARN] PackLoader:240 - Cannot read IP mode file for STMicroelectronics.FP-SNS-MOTENV1.5.0.0
2024-05-04 23:26:52,747 [WARN] PackLoader:240 - Cannot read IP mode file for WES.I-CUBE-Cesium.1.3.0
2024-05-04 23:26:52,763 [WARN] PackLoader:240 - Cannot read IP mode file for STMicroelectronics.X-CUBE-BLE2.3.3.0
2024-05-04 23:26:52,769 [WARN] PackLoader:240 - Cannot read IP mode file for STMicroelectronics.X-CUBE-TCPP.4.1.0
2024-05-04 23:26:52,798 [WARN] PackLoader:240 - Cannot read IP mode file for STMicroelectronics.X-CUBE-ALGOBUILD.1.3.0
2024-05-04 23:26:52,850 [WARN] PackLoader:240 - Cannot read IP mode file for STMicroelectronics.X-CUBE-AZRTOS-G0.1.1.0
2024-05-04 23:26:52,870 [WARN] PackLoader:240 - Cannot read IP mode file for STMicroelectronics.X-CUBE-SAFEA1.1.2.2
2024-05-04 23:26:52,882 [WARN] PackLoader:240 - Cannot read IP mode file for STMicroelectronics.X-CUBE-NFC4.3.0.0
2024-05-04 23:26:52,901 [WARN] PackLoader:240 - Cannot read IP mode file for STMicroelectronics.X-CUBE-BLEMGR.3.0.0
2024-05-04 23:26:52,913 [WARN] PackLoader:240 - Cannot read IP mode file for STMicroelectronics.FP-ATR-SIGFOX1.3.2.0
2024-05-04 23:26:52,937 [WARN] PackLoader:240 - Cannot read IP mode file for STMicroelectronics.X-CUBE-EEPRMA1.5.1.0
2024-05-04 23:26:53,042 [WARN] PackLoader:240 - Cannot read IP mode file for SEGGER.I-CUBE-embOS.1.3.1
2024-05-04 23:26:53,115 [WARN] PackLoader:240 - Cannot read IP mode file for STMicroelectronics.X-CUBE-GNSS1.6.0.0
2024-05-04 23:26:53,152 [WARN] PackLoader:240 - Cannot read IP mode file for STMicroelectronics.X-CUBE-AZRTOS-F4.1.1.0
2024-05-04 23:26:53,169 [WARN] PackLoader:240 - Cannot read IP mode file for STMicroelectronics.X-CUBE-FREERTOS.1.2.0
2024-05-04 23:26:53,177 [WARN] PackLoader:240 - Cannot read IP mode file for wolfSSL.I-CUBE-wolfSSL.5.6.6
2024-05-04 23:26:53,203 [WARN] PackLoader:240 - Cannot read IP mode file for STMicroelectronics.X-CUBE-AZRTOS-L5.2.0.0
2024-05-04 23:26:53,215 [WARN] PackLoader:240 - Cannot read IP mode file for STMicroelectronics.X-CUBE-EEPRMA1.4.2.0
2024-05-04 23:26:53,229 [WARN] PackLoader:240 - Cannot read IP mode file for STMicroelectronics.X-CUBE-NFC6.3.1.0
2024-05-04 23:26:53,238 [WARN] PackLoader:240 - Cannot read IP mode file for ITTIA_DB.I-CUBE-ITTIADB.8.8.0
2024-05-04 23:26:53,243 [WARN] PackLoader:240 - Cannot read IP mode file for STMicroelectronics.X-CUBE-AI.9.0.0
2024-05-04 23:26:53,249 [WARN] PackLoader:240 - Cannot read IP mode file for STMicroelectronics.X-CUBE-NFC7.1.0.1
2024-05-04 23:26:53,267 [WARN] PackLoader:240 - Cannot read IP mode file for STMicroelectronics.X-CUBE-NFC6.3.0.0
2024-05-04 23:26:53,277 [WARN] PackLoader:240 - Cannot read IP mode file for STMicroelectronics.X-CUBE-AI.8.1.0
2024-05-04 23:26:53,317 [WARN] ConditionMgr:438 - getConditionDescription Invalid condition id : LAN8742 Phy interface Condition cause : null
2024-05-04 23:26:53,319 [WARN] PackLoader:240 - Cannot read IP mode file for STMicroelectronics.X-CUBE-AZRTOS-L4.2.0.0
2024-05-04 23:26:53,322 [WARN] ConditionMgr:1039 - genDependencies : Invalid condition id : LAN8742 Phy interface Condition cause : null
2024-05-04 23:26:53,323 [WARN] ConditionMgr:1039 - genDependencies : Invalid condition id : LAN8742 Phy interface Condition cause : null
2024-05-04 23:26:53,324 [WARN] ConditionMgr:1039 - genDependencies : Invalid condition id : LAN8742 Phy interface Condition cause : null
2024-05-04 23:26:53,336 [WARN] PackLoader:240 - Cannot read IP mode file for STMicroelectronics.X-CUBE-SFXS2LP1.4.0.0
2024-05-04 23:26:53,362 [WARN] ConditionMgr:438 - getConditionDescription Invalid condition id : UX DEVICE CLASS RTOS Condition cause : null
2024-05-04 23:26:53,363 [WARN] ConditionMgr:438 - getConditionDescription Invalid condition id : UX DEVICE CLASS RTOS Condition cause : null
2024-05-04 23:26:53,367 [WARN] PackLoader:240 - Cannot read IP mode file for STMicroelectronics.X-CUBE-AZRTOS-WB.2.0.0
2024-05-04 23:26:53,370 [WARN] ConditionMgr:1039 - genDependencies : Invalid condition id : UX DEVICE CLASS RTOS Condition cause : null
2024-05-04 23:26:53,371 [WARN] ConditionMgr:1039 - genDependencies : Invalid condition id : UX DEVICE CLASS RTOS Condition cause : null
2024-05-04 23:26:53,371 [WARN] ConditionMgr:1039 - genDependencies : Invalid condition id : UX DEVICE CLASS RTOS Condition cause : null
2024-05-04 23:26:53,372 [WARN] ConditionMgr:1039 - genDependencies : Invalid condition id : UX DEVICE CLASS RTOS Condition cause : null
2024-05-04 23:26:53,372 [WARN] ConditionMgr:1039 - genDependencies : Invalid condition id : UX DEVICE CLASS RTOS Condition cause : null
2024-05-04 23:26:53,385 [WARN] PackLoader:240 - Cannot read IP mode file for STMicroelectronics.X-CUBE-SUBG2.5.0.0
2024-05-04 23:26:53,410 [WARN] PackLoader:240 - Cannot read IP mode file for STMicroelectronics.X-CUBE-AZRTOS-G4.2.0.0
2024-05-04 23:26:53,433 [WARN] PackLoader:240 - Cannot read IP mode file for Infineon.AIROC-Wi-Fi-Bluetooth-STM32.1.5.1
2024-05-04 23:26:53,456 [WARN] PackLoader:240 - Cannot read IP mode file for STMicroelectronics.FP-SNS-MOTENVWB1.1.3.1
2024-05-04 23:26:53,475 [WARN] PackLoader:240 - Cannot read IP mode file for STMicroelectronics.X-CUBE-ISPU.2.0.0
2024-05-04 23:26:53,595 [WARN] PackLoader:240 - Cannot read IP mode file for STMicroelectronics.X-CUBE-MEMS1.10.0.0
2024-05-04 23:26:53,730 [WARN] PackLoader:240 - Cannot read IP mode file for STMicroelectronics.X-CUBE-FREERTOS.1.1.0
2024-05-04 23:26:53,740 [WARN] PackLoader:240 - Cannot read IP mode file for portGmbH.I-Cube-SoM-uGOAL.1.1.0
2024-05-04 23:26:53,745 [WARN] PackLoader:240 - Cannot read IP mode file for STMicroelectronics.X-CUBE-ALS.1.0.1
2024-05-04 23:26:53,774 [WARN] PackLoader:240 - Cannot read IP mode file for STMicroelectronics.X-CUBE-AZRTOS-H7RS.1.0.0
2024-05-04 23:26:53,795 [WARN] PackLoader:240 - Cannot read IP mode file for STMicroelectronics.FP-ATR-ASTRA1.2.0.0
2024-05-04 23:26:53,812 [WARN] PackLoader:240 - Cannot read IP mode file for STMicroelectronics.X-CUBE-TOF1.3.4.0
2024-05-04 23:26:53,847 [WARN] PackLoader:240 - Cannot read IP mode file for STMicroelectronics.X-CUBE-TOF1.3.4.1
2024-05-04 23:26:53,891 [WARN] PackLoader:240 - Cannot read IP mode file for STMicroelectronics.X-CUBE-AZRTOS-H7.3.2.0
2024-05-04 23:26:53,917 [INFO] ThirdParty:978 - Integrity check success = true
2024-05-04 23:26:53,917 [INFO] IntegrityCheckThread:100 - exiting critical section [integrity check]
2024-05-04 23:26:53,917 [INFO] IntegrityCheckThread:103 - End integrity checks thread
2024-05-04 23:26:54,668 [INFO] WebApp:161 - Instantiating new browser for Auth
2024-05-04 23:26:56,069 [INFO] WebApp:780 - Register for checkConnection events
2024-05-04 23:26:56,069 [INFO] WebApp:414 - Apply proxy settings
2024-05-04 23:26:56,084 [INFO] WebApp:459 - Chromium authenticates against Manually configured proxy
2024-05-04 23:26:56,105 [INFO] WebApp:467 - Username used for proxy authentication: 
2024-05-04 23:26:56,325 [INFO] WebApp:192 - Starting web application
2024-05-04 23:26:56,325 [INFO] WebApp:544 - Web application path used /Applications/STM32CubeIDE.app/Contents/Eclipse/plugins/com.st.stm32cube.common.mx_6.10.0.202311202037/db/plugins/mcufinder/reactClient1/index.html
2024-05-04 23:27:03,520 [ERROR] LogOutputStream:75 - [STDERR_REDIRECT] SLF4J: Failed to load class "org.slf4j.impl.StaticLoggerBinder".
2024-05-04 23:27:03,522 [ERROR] LogOutputStream:75 - [STDERR_REDIRECT] SLF4J: Defaulting to no-operation (NOP) logger implementation
2024-05-04 23:27:03,522 [ERROR] LogOutputStream:75 - [STDERR_REDIRECT] SLF4J: See http://www.slf4j.org/codes.html#StaticLoggerBinder for further details.
