2024-05-06 14:09:49,112 [INFO] Activator:176 - 


2024-05-06 14:09:49,117 [INFO] Activator:177 - !SESSION log4j initialized
2024-05-06 14:09:51,533 [ERROR] LogOutputStream:75 - [STDERR_REDIRECT] 
2024-05-06 14:09:52,260 [INFO] LogOutputStream:77 - [STDOUT_REDIRECT] 
2024-05-06 14:09:53,756 [INFO] LogOutputStream:77 - [STDOUT_REDIRECT] 
2024-05-06 14:09:55,720 [INFO] ApplicationProperties:184 - Using Application install path: /Applications/STM32CubeIDE.app/Contents/Eclipse/plugins/com.st.stm32cube.common.mx_6.10.0.202311202037
2024-05-06 14:09:55,738 [INFO] DbMcusXml:78 - Set database path to: /Applications/STM32CubeIDE.app/Contents/Eclipse/plugins/com.st.stm32cube.common.mx_6.10.0.202311202037//db//mcu/
2024-05-06 14:09:55,738 [INFO] ApiDb:274 - Set plugin database path to: /Applications/STM32CubeIDE.app/Contents/Eclipse/plugins/com.st.stm32cube.common.mx_6.10.0.202311202037//db//plugins/boardmanager/
2024-05-06 14:09:55,739 [WARN] ApiDb:259 - Overriding images path with different value:  => /Applications/STM32CubeIDE.app/Contents/Eclipse/plugins/com.st.stm32cube.common.mx_6.10.0.202311202037//db//plugins/mcufinder/images/
2024-05-06 14:09:55,748 [INFO] ApiDb:250 - Set database path to: /Users/bentjh01/.stmcufinder/plugins/mcufinder//mcu/
2024-05-06 14:09:55,749 [INFO] DbMcusAds:125 - Set database path to: /Users/bentjh01/.stmcufinder/plugins/mcufinder//mcu/
2024-05-06 14:09:55,750 [INFO] CrossReferenceDbSqlite:203 - Set database path to: /Users/bentjh01/.stmcufinder/plugins/mcufinder//mcu/cs/
2024-05-06 14:09:55,887 [INFO] RulesReader:64 - Compatibility file has been processed (297 Rules)
2024-05-06 14:09:55,954 [INFO] DbMcusXml:78 - Set database path to: /Applications/STM32CubeIDE.app/Contents/Eclipse/plugins/com.st.stm32cube.common.mx_6.10.0.202311202037//db//mcu/
2024-05-06 14:09:55,954 [INFO] ApiDb:274 - Set plugin database path to: /Applications/STM32CubeIDE.app/Contents/Eclipse/plugins/com.st.stm32cube.common.mx_6.10.0.202311202037//db//plugins/boardmanager/
2024-05-06 14:09:55,955 [INFO] ApiDb:261 - Set plugin images path to: /Applications/STM32CubeIDE.app/Contents/Eclipse/plugins/com.st.stm32cube.common.mx_6.10.0.202311202037//db//plugins/mcufinder/images/
2024-05-06 14:09:55,955 [WARN] DbFile:41 - Overriding database path with different value: /Users/bentjh01/.stmcufinder/plugins/mcufinder/ => /Users/bentjh01/.stmcufinder/plugins/mcufinder
2024-05-06 14:09:55,955 [INFO] ApiDb:250 - Set database path to: /Users/bentjh01/.stmcufinder/plugins/mcufinder//mcu/
2024-05-06 14:09:55,955 [WARN] DbFile:41 - Overriding database path with different value: /Users/bentjh01/.stmcufinder/plugins/mcufinder/ => /Users/bentjh01/.stmcufinder/plugins/mcufinder
2024-05-06 14:09:55,955 [INFO] DbMcusAds:125 - Set database path to: /Users/bentjh01/.stmcufinder/plugins/mcufinder//mcu/
2024-05-06 14:09:55,955 [WARN] DbFile:41 - Overriding database path with different value: /Users/bentjh01/.stmcufinder/plugins/mcufinder/ => /Users/bentjh01/.stmcufinder/plugins/mcufinder
2024-05-06 14:09:55,955 [WARN] DbFile:41 - Overriding database path with different value: /Users/bentjh01/.stmcufinder/plugins/mcufinder/ => /Users/bentjh01/.stmcufinder/plugins/mcufinder
2024-05-06 14:09:55,955 [INFO] CrossReferenceDbSqlite:203 - Set database path to: /Users/bentjh01/.stmcufinder/plugins/mcufinder//mcu/cs/
2024-05-06 14:09:56,041 [INFO] MainPanel:264 - HeapMemory: 268435456
2024-05-06 14:09:56,133 [INFO] DbMcusXml:78 - Set database path to: /Applications/STM32CubeIDE.app/Contents/Eclipse/plugins/com.st.stm32cube.common.mx_6.10.0.202311202037//db//mcu/
2024-05-06 14:09:56,133 [INFO] ApiDb:274 - Set plugin database path to: /Applications/STM32CubeIDE.app/Contents/Eclipse/plugins/com.st.stm32cube.common.mx_6.10.0.202311202037//db//plugins/boardmanager/
2024-05-06 14:09:56,133 [INFO] ApiDb:261 - Set plugin images path to: /Applications/STM32CubeIDE.app/Contents/Eclipse/plugins/com.st.stm32cube.common.mx_6.10.0.202311202037//db//plugins/mcufinder/images/
2024-05-06 14:09:56,134 [WARN] DbFile:41 - Overriding database path with different value: /Users/bentjh01/.stmcufinder/plugins/mcufinder/ => /Users/bentjh01/.stmcufinder/plugins/mcufinder
2024-05-06 14:09:56,134 [INFO] ApiDb:250 - Set database path to: /Users/bentjh01/.stmcufinder/plugins/mcufinder//mcu/
2024-05-06 14:09:56,134 [WARN] DbFile:41 - Overriding database path with different value: /Users/bentjh01/.stmcufinder/plugins/mcufinder/ => /Users/bentjh01/.stmcufinder/plugins/mcufinder
2024-05-06 14:09:56,134 [INFO] DbMcusAds:125 - Set database path to: /Users/bentjh01/.stmcufinder/plugins/mcufinder//mcu/
2024-05-06 14:09:56,134 [WARN] DbFile:41 - Overriding database path with different value: /Users/bentjh01/.stmcufinder/plugins/mcufinder/ => /Users/bentjh01/.stmcufinder/plugins/mcufinder
2024-05-06 14:09:56,134 [WARN] DbFile:41 - Overriding database path with different value: /Users/bentjh01/.stmcufinder/plugins/mcufinder/ => /Users/bentjh01/.stmcufinder/plugins/mcufinder
2024-05-06 14:09:56,134 [INFO] CrossReferenceDbSqlite:203 - Set database path to: /Users/bentjh01/.stmcufinder/plugins/mcufinder//mcu/cs/
2024-05-06 14:09:56,174 [INFO] ApplicationProperties:184 - Using Application install path: /Applications/STM32CubeIDE.app/Contents/Eclipse/plugins/com.st.stm32cube.common.mx_6.10.0.202311202037
2024-05-06 14:09:56,175 [INFO] PluginManage:196 - Search for loadable plugins [exclusion list=, ]
2024-05-06 14:09:56,177 [INFO] PluginManage:310 - Check plugin analytics
2024-05-06 14:09:56,496 [INFO] AnalyticsPlugin:253 - Accepted Software Licenses: 
2024-05-06 14:09:56,496 [INFO] AnalyticsPlugin:255 - Accepted CMSIS Pack Licenses: 
2024-05-06 14:09:56,496 [INFO] AnalyticsPlugin:257 - Accepted Firmware Licenses: FW.F4.1.28.0
2024-05-06 14:09:56,505 [INFO] PluginManage:359 - Loaded plugin analytics (category:tool,tabindex:-1)
2024-05-06 14:09:56,506 [INFO] PluginManage:310 - Check plugin cadmodel
2024-05-06 14:09:56,593 [ERROR] LogOutputStream:75 - [STDERR_REDIRECT] [Fatal Error] :2:10: DOCTYPE is disallowed when the feature "http://apache.org/xml/features/disallow-doctype-decl" set to true.
2024-05-06 14:09:56,597 [ERROR] LogOutputStream:75 - [STDERR_REDIRECT] 
2024-05-06 14:09:56,920 [INFO] CADModel:105 - Init CAD model plugin
2024-05-06 14:09:56,920 [INFO] PluginManage:359 - Loaded plugin cadmodel (category:power,tabindex:5)
2024-05-06 14:09:56,921 [INFO] PluginManage:310 - Check plugin clock
2024-05-06 14:09:56,932 [INFO] PluginManage:359 - Loaded plugin clock (category:base,tabindex:2)
2024-05-06 14:09:56,932 [INFO] PluginManage:310 - Check plugin ddr
2024-05-06 14:09:56,934 [INFO] PluginManage:359 - Loaded plugin ddr (category:tool,tabindex:6)
2024-05-06 14:09:56,934 [INFO] PluginManage:310 - Check plugin filemanager
2024-05-06 14:09:57,099 [INFO] PluginManage:359 - Loaded plugin filemanager (category:base,tabindex:10)
2024-05-06 14:09:57,100 [INFO] PluginManage:310 - Check plugin ipmanager
2024-05-06 14:09:57,112 [INFO] PluginManage:359 - Loaded plugin ipmanager (category:base,tabindex:5)
2024-05-06 14:09:57,113 [INFO] PluginManage:310 - Check plugin lpbam
2024-05-06 14:09:57,123 [INFO] PluginManage:359 - Loaded plugin lpbam (category:base,tabindex:0)
2024-05-06 14:09:57,123 [INFO] PluginManage:310 - Check plugin memorymap
2024-05-06 14:09:57,133 [INFO] PluginManage:359 - Loaded plugin memorymap (category:base,tabindex:4)
2024-05-06 14:09:57,134 [INFO] PluginManage:310 - Check plugin pinoutandconfiguration
2024-05-06 14:09:57,139 [INFO] PluginManage:359 - Loaded plugin pinoutandconfiguration (category:base,tabindex:1)
2024-05-06 14:09:57,139 [INFO] PluginManage:310 - Check plugin pinoutconfig
2024-05-06 14:09:57,221 [WARN] SupportedApi:132 - Cannot load RTOS API schema: s4s-elt-must-match.1: The content of 'definitions' must match (annotation?, (simpleType | complexType)?, (unique | key | keyref)*)). A problem was found starting at: attribute.
2024-05-06 14:09:57,372 [INFO] PluginManage:359 - Loaded plugin pinoutconfig (category:base,tabindex:0)
2024-05-06 14:09:57,372 [INFO] PluginManage:310 - Check plugin power
2024-05-06 14:09:57,382 [INFO] PluginManage:359 - Loaded plugin power (category:power,tabindex:4)
2024-05-06 14:09:57,382 [INFO] PluginManage:310 - Check plugin projectmanager
2024-05-06 14:09:57,403 [INFO] PluginManage:359 - Loaded plugin projectmanager (category:projectmanager,tabindex:3)
2024-05-06 14:09:57,404 [INFO] PluginManage:310 - Check plugin thirdparty
2024-05-06 14:09:57,598 [INFO] PluginManage:359 - Loaded plugin thirdparty (category:base,tabindex:-1)
2024-05-06 14:09:57,598 [INFO] PluginManage:310 - Check plugin tools
2024-05-06 14:09:57,597 [WARN] IntegrityCheckThread:84 - waiting for thirdparty lock release [integrity check]
2024-05-06 14:09:57,599 [INFO] IntegrityCheckThread:86 - entering critical section [integrity check]
2024-05-06 14:09:57,600 [INFO] ThirdPartyUpdaterWithRetryManager:70 - Updater plugin not ready yet. [1/15]
2024-05-06 14:09:57,601 [INFO] PluginManage:359 - Loaded plugin tools (category:base,tabindex:7)
2024-05-06 14:09:57,601 [INFO] PluginManage:310 - Check plugin tutovideos
2024-05-06 14:09:57,882 [INFO] PluginManage:359 - Loaded plugin tutovideos (category:base,tabindex:-1)
2024-05-06 14:09:57,883 [INFO] PluginManage:310 - Check plugin updater
2024-05-06 14:09:57,906 [INFO] PluginManage:359 - Loaded plugin updater (category:base,tabindex:12)
2024-05-06 14:09:57,906 [INFO] PluginManage:310 - Check plugin userauth
2024-05-06 14:09:57,915 [INFO] UserAuth:114 - Init User Auth plugin
2024-05-06 14:09:57,915 [INFO] PluginManage:359 - Loaded plugin userauth (category:base,tabindex:14)
2024-05-06 14:09:57,916 [INFO] PluginManage:283 - PluginManage : Loaded plugins [17]
2024-05-06 14:09:58,202 [INFO] PinOutPanel:1499 - setPackage(No Configuration,No Configuration)
2024-05-06 14:09:58,266 [INFO] CADModel:165 - CPN selected for project level
2024-05-06 14:09:58,266 [INFO] CADModel:114 - Register for checkConnection events
2024-05-06 14:09:58,277 [INFO] IPUIPlugin:80 - create IPUIPlugin
2024-05-06 14:09:58,277 [INFO] PluginManager:220 - loadIPPluginJar : add mdma
2024-05-06 14:09:58,283 [INFO] IPUIPlugin:80 - create IPUIPlugin
2024-05-06 14:09:58,283 [INFO] PluginManager:220 - loadIPPluginJar : add freertos
2024-05-06 14:09:58,288 [INFO] IPUIPlugin:80 - create IPUIPlugin
2024-05-06 14:09:58,289 [INFO] PluginManager:220 - loadIPPluginJar : add gic
2024-05-06 14:09:58,296 [INFO] IPUIPlugin:80 - create IPUIPlugin
2024-05-06 14:09:58,296 [INFO] PluginManager:220 - loadIPPluginJar : add adc
2024-05-06 14:09:58,298 [INFO] IPUIPlugin:80 - create IPUIPlugin
2024-05-06 14:09:58,298 [INFO] PluginManager:220 - loadIPPluginJar : add gtzc
2024-05-06 14:09:58,299 [INFO] IPUIPlugin:80 - create IPUIPlugin
2024-05-06 14:09:58,299 [INFO] PluginManager:220 - loadIPPluginJar : add quadspi
2024-05-06 14:09:58,300 [INFO] IPUIPlugin:80 - create IPUIPlugin
2024-05-06 14:09:58,300 [INFO] PluginManager:220 - loadIPPluginJar : add aes
2024-05-06 14:09:58,302 [INFO] IPUIPlugin:80 - create IPUIPlugin
2024-05-06 14:09:58,303 [INFO] PluginManager:220 - loadIPPluginJar : add pdm2pcm
2024-05-06 14:09:58,305 [INFO] IPUIPlugin:80 - create IPUIPlugin
2024-05-06 14:09:58,305 [INFO] PluginManager:220 - loadIPPluginJar : add hash
2024-05-06 14:09:58,307 [INFO] IPUIPlugin:80 - create IPUIPlugin
2024-05-06 14:09:58,308 [INFO] PluginManager:220 - loadIPPluginJar : add tim
2024-05-06 14:09:58,308 [INFO] IPUIPlugin:80 - create IPUIPlugin
2024-05-06 14:09:58,309 [INFO] PluginManager:220 - loadIPPluginJar : add tsc
2024-05-06 14:09:58,309 [INFO] IPUIPlugin:80 - create IPUIPlugin
2024-05-06 14:09:58,310 [INFO] PluginManager:220 - loadIPPluginJar : add ts
2024-05-06 14:09:58,312 [INFO] IPUIPlugin:80 - create IPUIPlugin
2024-05-06 14:09:58,312 [INFO] PluginManager:220 - loadIPPluginJar : add can
2024-05-06 14:09:58,314 [INFO] IPUIPlugin:80 - create IPUIPlugin
2024-05-06 14:09:58,314 [INFO] PluginManager:220 - loadIPPluginJar : add dma3
2024-05-06 14:09:58,316 [INFO] IPUIPlugin:80 - create IPUIPlugin
2024-05-06 14:09:58,316 [INFO] PluginManager:220 - loadIPPluginJar : add dfsdm
2024-05-06 14:09:58,317 [INFO] IPUIPlugin:80 - create IPUIPlugin
2024-05-06 14:09:58,317 [INFO] PluginManager:220 - loadIPPluginJar : add spi
2024-05-06 14:09:58,318 [INFO] IPUIPlugin:80 - create IPUIPlugin
2024-05-06 14:09:58,319 [INFO] PluginManager:220 - loadIPPluginJar : add gfxmmu
2024-05-06 14:09:58,321 [INFO] IPUIPlugin:80 - create IPUIPlugin
2024-05-06 14:09:58,322 [INFO] PluginManager:220 - loadIPPluginJar : add genericplugin
2024-05-06 14:09:58,323 [INFO] IPUIPlugin:80 - create IPUIPlugin
2024-05-06 14:09:58,323 [INFO] PluginManager:220 - loadIPPluginJar : add cryp
2024-05-06 14:09:58,325 [INFO] IPUIPlugin:80 - create IPUIPlugin
2024-05-06 14:09:58,325 [INFO] PluginManager:220 - loadIPPluginJar : add gpio
2024-05-06 14:09:58,328 [INFO] IPUIPlugin:80 - create IPUIPlugin
2024-05-06 14:09:58,328 [INFO] PluginManager:220 - loadIPPluginJar : add comp
2024-05-06 14:09:58,330 [INFO] IPUIPlugin:80 - create IPUIPlugin
2024-05-06 14:09:58,331 [INFO] PluginManager:220 - loadIPPluginJar : add tracer_emb
2024-05-06 14:09:58,333 [INFO] IPUIPlugin:80 - create IPUIPlugin
2024-05-06 14:09:58,333 [INFO] PluginManager:220 - loadIPPluginJar : add openamp
2024-05-06 14:09:58,337 [INFO] IPUIPlugin:80 - create IPUIPlugin
2024-05-06 14:09:58,337 [INFO] PluginManager:220 - loadIPPluginJar : add stm32_wpan
2024-05-06 14:09:58,341 [INFO] IPUIPlugin:80 - create IPUIPlugin
2024-05-06 14:09:58,343 [INFO] PluginManager:220 - loadIPPluginJar : add plateformsettings
2024-05-06 14:09:58,345 [INFO] IPUIPlugin:80 - create IPUIPlugin
2024-05-06 14:09:58,345 [INFO] PluginManager:220 - loadIPPluginJar : add ipddr
2024-05-06 14:09:58,347 [INFO] IPUIPlugin:80 - create IPUIPlugin
2024-05-06 14:09:58,347 [INFO] PluginManager:220 - loadIPPluginJar : add usart
2024-05-06 14:09:58,347 [INFO] IPUIPlugin:80 - create IPUIPlugin
2024-05-06 14:09:58,348 [INFO] PluginManager:220 - loadIPPluginJar : add ltdc
2024-05-06 14:09:58,350 [INFO] IPUIPlugin:80 - create IPUIPlugin
2024-05-06 14:09:58,350 [INFO] PluginManager:220 - loadIPPluginJar : add nvic
2024-05-06 14:09:58,351 [INFO] IPUIPlugin:80 - create IPUIPlugin
2024-05-06 14:09:58,351 [INFO] PluginManager:220 - loadIPPluginJar : add fatfs
2024-05-06 14:09:58,354 [INFO] IPUIPlugin:80 - create IPUIPlugin
2024-05-06 14:09:58,356 [INFO] PluginManager:220 - loadIPPluginJar : add linkedlist
2024-05-06 14:09:58,360 [INFO] IPUIPlugin:80 - create IPUIPlugin
2024-05-06 14:09:58,360 [INFO] PluginManager:220 - loadIPPluginJar : add dma
2024-05-06 14:09:58,362 [INFO] IPUIPlugin:80 - create IPUIPlugin
2024-05-06 14:09:58,362 [INFO] PluginManager:220 - loadIPPluginJar : add fmc
2024-05-06 14:09:58,363 [INFO] IPUIPlugin:80 - create IPUIPlugin
2024-05-06 14:09:58,363 [INFO] PluginManager:220 - loadIPPluginJar : add i2s
2024-05-06 14:09:58,365 [INFO] IPUIPlugin:80 - create IPUIPlugin
2024-05-06 14:09:58,365 [INFO] PluginManager:220 - loadIPPluginJar : add ucpd
2024-05-06 14:09:58,367 [INFO] IPUIPlugin:80 - create IPUIPlugin
2024-05-06 14:09:58,367 [INFO] PluginManager:220 - loadIPPluginJar : add lorawan
2024-05-06 14:09:58,370 [INFO] IPUIPlugin:80 - create IPUIPlugin
2024-05-06 14:09:58,370 [INFO] PluginManager:220 - loadIPPluginJar : add opamp
2024-05-06 14:09:58,371 [INFO] IPUIPlugin:80 - create IPUIPlugin
2024-05-06 14:09:58,372 [INFO] PluginManager:220 - loadIPPluginJar : add i3c
2024-05-06 14:09:58,374 [INFO] IPUIPlugin:80 - create IPUIPlugin
2024-05-06 14:09:58,374 [INFO] PluginManager:220 - loadIPPluginJar : add touchsensing
2024-05-06 14:09:58,376 [INFO] IPUIPlugin:80 - create IPUIPlugin
2024-05-06 14:09:58,376 [INFO] PluginManager:220 - loadIPPluginJar : add i2c
2024-05-06 14:09:58,378 [INFO] IPUIPlugin:80 - create IPUIPlugin
2024-05-06 14:09:58,378 [INFO] PluginManager:220 - loadIPPluginJar : add resmgrutility
2024-05-06 14:09:58,380 [INFO] IPUIPlugin:80 - create IPUIPlugin
2024-05-06 14:09:58,380 [INFO] PluginManager:220 - loadIPPluginJar : add sai
2024-05-06 14:09:58,382 [INFO] IPUIPlugin:80 - create IPUIPlugin
2024-05-06 14:09:58,382 [INFO] PluginManager:220 - loadIPPluginJar : add usbx
2024-05-06 14:09:58,492 [INFO] CADModel:165 - CPN selected for project level
2024-05-06 14:09:58,493 [INFO] CADModel:114 - Register for checkConnection events
2024-05-06 14:09:58,493 [FATAL] Updater:308 - Updater called before beeing initialized
2024-05-06 14:09:58,493 [ERROR] CADModel:125 - Updater not yet initialized, retry later 
2024-05-06 14:09:58,728 [INFO] CADModel:165 - CPN selected for project level
2024-05-06 14:09:58,728 [INFO] CADModel:114 - Register for checkConnection events
2024-05-06 14:09:58,728 [FATAL] Updater:308 - Updater called before beeing initialized
2024-05-06 14:09:58,728 [ERROR] CADModel:125 - Updater not yet initialized, retry later 
2024-05-06 14:09:58,731 [FATAL] Updater:308 - Updater called before beeing initialized
2024-05-06 14:09:59,017 [FATAL] Updater:308 - Updater called before beeing initialized
2024-05-06 14:09:59,030 [INFO] DbMcusAds:53 - JSON generation date=Thu May 02 16:37:29 SGT 2024 (1714639049318)
2024-05-06 14:09:59,032 [FATAL] Updater:308 - Updater called before beeing initialized
2024-05-06 14:09:59,102 [WARN] DetailPanel:346 - Failed to get advertising image, set to default
2024-05-06 14:09:59,199 [FATAL] Updater:308 - Updater called before beeing initialized
2024-05-06 14:09:59,206 [FATAL] Updater:308 - Updater called before beeing initialized
2024-05-06 14:09:59,206 [FATAL] Updater:308 - Updater called before beeing initialized
2024-05-06 14:09:59,206 [WARN] DetailPanel:346 - Failed to get advertising image, set to default
2024-05-06 14:09:59,212 [FATAL] Updater:308 - Updater called before beeing initialized
2024-05-06 14:09:59,308 [ERROR] Updater:1120 - MainUpdater not yet initialized. External WinMGr cannot be set.
2024-05-06 14:09:59,360 [INFO] Updater:1056 - Updater Version found : 6.10.0
2024-05-06 14:09:59,374 [INFO] ApplicationProperties:184 - Using Application install path: /Applications/STM32CubeIDE.app/Contents/Eclipse/plugins/com.st.stm32cube.common.mx_6.10.0.202311202037
2024-05-06 14:09:59,776 [INFO] MainUpdater:2873 - connection check result : 10
2024-05-06 14:09:59,777 [INFO] MainUpdater:290 - Updater Check For Update Now.
2024-05-06 14:09:59,777 [INFO] MicroXplorer:498 - Change Database Version : DB.6.0.100
2024-05-06 14:09:59,783 [INFO] McuFinderGlobals:63 - Set McuFinder mode to 2 (CubeIDE integrated)
2024-05-06 14:09:59,806 [INFO] UserAuth:404 - Internet connection configuration mode: 1
2024-05-06 14:09:59,819 [INFO] JxBrowserEngine:152 - Initiate JxBrowser Engine with user profile folder
2024-05-06 14:10:00,055 [INFO] CheckServerUpdateThread:120 - End of CheckServer Thread
2024-05-06 14:10:00,760 [WARN] PackLoader:240 - Cannot read IP mode file for STMicroelectronics.FP-SNS-MOTENVWB1.1.4.0
2024-05-06 14:10:00,785 [WARN] PackLoader:240 - Cannot read IP mode file for STMicroelectronics.X-CUBE-SMBUS.2.1.0
2024-05-06 14:10:00,807 [WARN] PackLoader:240 - Cannot read IP mode file for STMicroelectronics.X-CUBE-TOUCHGFX.4.23.0
2024-05-06 14:10:00,810 [WARN] PackLoader:240 - Cannot read IP mode file for STMicroelectronics.X-CUBE-TOUCHGFX.4.23.2
2024-05-06 14:10:00,852 [WARN] PackLoader:240 - Cannot read IP mode file for STMicroelectronics.X-CUBE-AZRTOS-F7.1.1.0
2024-05-06 14:10:00,873 [WARN] PackLoader:240 - Cannot read IP mode file for STMicroelectronics.FP-SNS-MOTENV1.4.3.2
2024-05-06 14:10:00,904 [WARN] PackLoader:240 - Cannot read IP mode file for STMicroelectronics.FP-SNS-FLIGHT1.5.0.2
2024-05-06 14:10:00,918 [WARN] PackLoader:240 - Cannot read IP mode file for STMicroelectronics.X-CUBE-DISPLAY.3.0.0
2024-05-06 14:10:00,946 [WARN] PackLoader:240 - Cannot read IP mode file for STMicroelectronics.X-CUBE-BLE1.7.0.0
2024-05-06 14:10:00,963 [WARN] PackLoader:240 - Cannot read IP mode file for emotas.I-CUBE-CANOPEN.1.3.0
2024-05-06 14:10:00,994 [WARN] PackLoader:240 - Cannot read IP mode file for STMicroelectronics.X-CUBE-BLEMGR.3.1.0
2024-05-06 14:10:01,009 [WARN] PackLoader:240 - Cannot read IP mode file for STMicroelectronics.FP-SNS-SMARTAG2.1.2.0
2024-05-06 14:10:01,033 [INFO] LogOutputStream:77 - [STDOUT_REDIRECT] 1 : Invalid condition id : UX_CORESTACK_Condition cause : null
2024-05-06 14:10:01,035 [INFO] LogOutputStream:77 - [STDOUT_REDIRECT] 1 : Invalid condition id : UX_CORESTACK_Condition cause : null
2024-05-06 14:10:01,036 [INFO] LogOutputStream:77 - [STDOUT_REDIRECT] 1 : Invalid condition id : UX_CORESTACK_Condition cause : null
2024-05-06 14:10:01,037 [INFO] LogOutputStream:77 - [STDOUT_REDIRECT] 1 : Invalid condition id : UX_CORESTACK_Condition cause : null
2024-05-06 14:10:01,037 [INFO] LogOutputStream:77 - [STDOUT_REDIRECT] 1 : Invalid condition id : UX_CORESTACK_Condition cause : null
2024-05-06 14:10:01,042 [WARN] PackLoader:240 - Cannot read IP mode file for STMicroelectronics.X-CUBE-AZRTOS-WL.2.0.0
2024-05-06 14:10:01,053 [WARN] PackLoader:240 - Cannot read IP mode file for STMicroelectronics.FP-SNS-MOTENV1.5.0.0
2024-05-06 14:10:01,083 [WARN] PackLoader:240 - Cannot read IP mode file for WES.I-CUBE-Cesium.1.3.0
2024-05-06 14:10:01,099 [WARN] PackLoader:240 - Cannot read IP mode file for STMicroelectronics.X-CUBE-BLE2.3.3.0
2024-05-06 14:10:01,110 [WARN] PackLoader:240 - Cannot read IP mode file for STMicroelectronics.X-CUBE-TCPP.4.1.0
2024-05-06 14:10:01,161 [WARN] PackLoader:240 - Cannot read IP mode file for STMicroelectronics.X-CUBE-ALGOBUILD.1.3.0
2024-05-06 14:10:01,203 [WARN] PackLoader:240 - Cannot read IP mode file for STMicroelectronics.X-CUBE-AZRTOS-G0.1.1.0
2024-05-06 14:10:01,227 [WARN] PackLoader:240 - Cannot read IP mode file for STMicroelectronics.X-CUBE-SAFEA1.1.2.2
2024-05-06 14:10:01,239 [WARN] PackLoader:240 - Cannot read IP mode file for STMicroelectronics.X-CUBE-NFC4.3.0.0
2024-05-06 14:10:01,266 [WARN] PackLoader:240 - Cannot read IP mode file for STMicroelectronics.X-CUBE-BLEMGR.3.0.0
2024-05-06 14:10:01,285 [WARN] PackLoader:240 - Cannot read IP mode file for STMicroelectronics.FP-ATR-SIGFOX1.3.2.0
2024-05-06 14:10:01,313 [WARN] PackLoader:240 - Cannot read IP mode file for STMicroelectronics.X-CUBE-EEPRMA1.5.1.0
2024-05-06 14:10:01,419 [WARN] PackLoader:240 - Cannot read IP mode file for SEGGER.I-CUBE-embOS.1.3.1
2024-05-06 14:10:01,492 [WARN] PackLoader:240 - Cannot read IP mode file for STMicroelectronics.X-CUBE-GNSS1.6.0.0
2024-05-06 14:10:01,525 [WARN] PackLoader:240 - Cannot read IP mode file for STMicroelectronics.X-CUBE-AZRTOS-F4.1.1.0
2024-05-06 14:10:01,559 [WARN] PackLoader:240 - Cannot read IP mode file for STMicroelectronics.X-CUBE-FREERTOS.1.2.0
2024-05-06 14:10:01,576 [WARN] PackLoader:240 - Cannot read IP mode file for wolfSSL.I-CUBE-wolfSSL.5.6.6
2024-05-06 14:10:01,653 [WARN] PackLoader:240 - Cannot read IP mode file for STMicroelectronics.X-CUBE-AZRTOS-L5.2.0.0
2024-05-06 14:10:01,702 [WARN] PackLoader:240 - Cannot read IP mode file for STMicroelectronics.X-CUBE-EEPRMA1.4.2.0
2024-05-06 14:10:01,725 [WARN] PackLoader:240 - Cannot read IP mode file for STMicroelectronics.X-CUBE-NFC6.3.1.0
2024-05-06 14:10:01,736 [WARN] PackLoader:240 - Cannot read IP mode file for ITTIA_DB.I-CUBE-ITTIADB.8.8.0
2024-05-06 14:10:01,746 [WARN] PackLoader:240 - Cannot read IP mode file for STMicroelectronics.X-CUBE-AI.9.0.0
2024-05-06 14:10:01,755 [WARN] PackLoader:240 - Cannot read IP mode file for STMicroelectronics.X-CUBE-NFC7.1.0.1
2024-05-06 14:10:01,772 [WARN] PackLoader:240 - Cannot read IP mode file for STMicroelectronics.X-CUBE-NFC6.3.0.0
2024-05-06 14:10:01,783 [WARN] PackLoader:240 - Cannot read IP mode file for STMicroelectronics.X-CUBE-AI.8.1.0
2024-05-06 14:10:01,826 [WARN] ConditionMgr:438 - getConditionDescription Invalid condition id : LAN8742 Phy interface Condition cause : null
2024-05-06 14:10:01,830 [WARN] PackLoader:240 - Cannot read IP mode file for STMicroelectronics.X-CUBE-AZRTOS-L4.2.0.0
2024-05-06 14:10:01,834 [WARN] ConditionMgr:1039 - genDependencies : Invalid condition id : LAN8742 Phy interface Condition cause : null
2024-05-06 14:10:01,835 [WARN] ConditionMgr:1039 - genDependencies : Invalid condition id : LAN8742 Phy interface Condition cause : null
2024-05-06 14:10:01,836 [WARN] ConditionMgr:1039 - genDependencies : Invalid condition id : LAN8742 Phy interface Condition cause : null
2024-05-06 14:10:01,850 [WARN] PackLoader:240 - Cannot read IP mode file for STMicroelectronics.X-CUBE-SFXS2LP1.4.0.0
2024-05-06 14:10:01,867 [WARN] ConditionMgr:438 - getConditionDescription Invalid condition id : UX DEVICE CLASS RTOS Condition cause : null
2024-05-06 14:10:01,868 [WARN] ConditionMgr:438 - getConditionDescription Invalid condition id : UX DEVICE CLASS RTOS Condition cause : null
2024-05-06 14:10:01,872 [WARN] PackLoader:240 - Cannot read IP mode file for STMicroelectronics.X-CUBE-AZRTOS-WB.2.0.0
2024-05-06 14:10:01,873 [WARN] ConditionMgr:1039 - genDependencies : Invalid condition id : UX DEVICE CLASS RTOS Condition cause : null
2024-05-06 14:10:01,873 [WARN] ConditionMgr:1039 - genDependencies : Invalid condition id : UX DEVICE CLASS RTOS Condition cause : null
2024-05-06 14:10:01,874 [WARN] ConditionMgr:1039 - genDependencies : Invalid condition id : UX DEVICE CLASS RTOS Condition cause : null
2024-05-06 14:10:01,875 [WARN] ConditionMgr:1039 - genDependencies : Invalid condition id : UX DEVICE CLASS RTOS Condition cause : null
2024-05-06 14:10:01,875 [WARN] ConditionMgr:1039 - genDependencies : Invalid condition id : UX DEVICE CLASS RTOS Condition cause : null
2024-05-06 14:10:01,888 [WARN] PackLoader:240 - Cannot read IP mode file for STMicroelectronics.X-CUBE-SUBG2.5.0.0
2024-05-06 14:10:01,917 [WARN] PackLoader:240 - Cannot read IP mode file for STMicroelectronics.X-CUBE-AZRTOS-G4.2.0.0
2024-05-06 14:10:01,946 [WARN] PackLoader:240 - Cannot read IP mode file for Infineon.AIROC-Wi-Fi-Bluetooth-STM32.1.5.1
2024-05-06 14:10:01,959 [WARN] PackLoader:240 - Cannot read IP mode file for STMicroelectronics.FP-SNS-MOTENVWB1.1.3.1
2024-05-06 14:10:01,963 [WARN] PackLoader:240 - Cannot read IP mode file for STMicroelectronics.X-CUBE-ISPU.2.0.0
2024-05-06 14:10:02,044 [WARN] PackLoader:240 - Cannot read IP mode file for STMicroelectronics.X-CUBE-MEMS1.10.0.0
2024-05-06 14:10:02,192 [WARN] PackLoader:240 - Cannot read IP mode file for STMicroelectronics.X-CUBE-FREERTOS.1.1.0
2024-05-06 14:10:02,202 [WARN] PackLoader:240 - Cannot read IP mode file for portGmbH.I-Cube-SoM-uGOAL.1.1.0
2024-05-06 14:10:02,209 [WARN] PackLoader:240 - Cannot read IP mode file for STMicroelectronics.X-CUBE-ALS.1.0.1
2024-05-06 14:10:02,232 [WARN] PackLoader:240 - Cannot read IP mode file for STMicroelectronics.X-CUBE-AZRTOS-H7RS.1.0.0
2024-05-06 14:10:02,239 [WARN] PackLoader:240 - Cannot read IP mode file for STMicroelectronics.FP-ATR-ASTRA1.2.0.0
2024-05-06 14:10:02,253 [WARN] PackLoader:240 - Cannot read IP mode file for STMicroelectronics.X-CUBE-TOF1.3.4.0
2024-05-06 14:10:02,275 [WARN] PackLoader:240 - Cannot read IP mode file for STMicroelectronics.X-CUBE-TOF1.3.4.1
2024-05-06 14:10:02,312 [WARN] PackLoader:240 - Cannot read IP mode file for STMicroelectronics.X-CUBE-AZRTOS-H7.3.2.0
2024-05-06 14:10:02,328 [INFO] ThirdParty:978 - Integrity check success = true
2024-05-06 14:10:02,328 [INFO] IntegrityCheckThread:100 - exiting critical section [integrity check]
2024-05-06 14:10:02,329 [INFO] IntegrityCheckThread:103 - End integrity checks thread
2024-05-06 14:10:05,166 [INFO] WebApp:161 - Instantiating new browser for Auth
2024-05-06 14:10:06,481 [INFO] WebApp:780 - Register for checkConnection events
2024-05-06 14:10:06,484 [INFO] WebApp:414 - Apply proxy settings
2024-05-06 14:10:06,510 [INFO] WebApp:459 - Chromium authenticates against Manually configured proxy
2024-05-06 14:10:06,529 [INFO] WebApp:467 - Username used for proxy authentication: 
2024-05-06 14:10:06,725 [INFO] WebApp:192 - Starting web application
2024-05-06 14:10:06,725 [INFO] WebApp:544 - Web application path used /Applications/STM32CubeIDE.app/Contents/Eclipse/plugins/com.st.stm32cube.common.mx_6.10.0.202311202037/db/plugins/mcufinder/reactClient1/index.html
2024-05-06 14:10:15,082 [ERROR] LogOutputStream:75 - [STDERR_REDIRECT] SLF4J: Failed to load class "org.slf4j.impl.StaticLoggerBinder".
2024-05-06 14:10:15,084 [ERROR] LogOutputStream:75 - [STDERR_REDIRECT] SLF4J: Defaulting to no-operation (NOP) logger implementation
2024-05-06 14:10:15,085 [ERROR] LogOutputStream:75 - [STDERR_REDIRECT] SLF4J: See http://www.slf4j.org/codes.html#StaticLoggerBinder for further details.
